TN:verilator_coverage
SF:hw/ip/hmac/rtl/hmac.sv
DA:15,142
BRDA:15,0,0,142
BRDA:15,0,1,141
DA:16,1
BRDA:16,0,0,1
BRDA:16,0,1,0
DA:18,37
BRDA:18,0,0,0
BRDA:18,0,1,0
BRDA:18,0,2,0
BRDA:18,0,3,0
BRDA:18,0,4,0
BRDA:18,0,5,0
BRDA:18,0,6,1
BRDA:18,0,7,1
BRDA:18,0,8,0
BRDA:18,0,9,0
BRDA:18,0,10,0
BRDA:18,0,11,0
BRDA:18,0,12,0
BRDA:18,0,13,0
BRDA:18,0,14,0
BRDA:18,0,15,0
BRDA:18,0,16,0
BRDA:18,0,17,0
BRDA:18,0,18,0
BRDA:18,0,19,0
BRDA:18,0,20,0
BRDA:18,0,21,0
BRDA:18,0,22,0
BRDA:18,0,23,0
BRDA:18,0,24,0
BRDA:18,0,25,0
BRDA:18,0,26,0
BRDA:18,0,27,0
BRDA:18,0,28,0
BRDA:18,0,29,0
BRDA:18,0,30,0
BRDA:18,0,31,0
BRDA:18,0,32,0
BRDA:18,0,33,0
BRDA:18,0,34,0
BRDA:18,0,35,0
BRDA:18,0,36,0
BRDA:18,0,37,0
BRDA:18,0,38,0
BRDA:18,0,39,0
BRDA:18,0,40,0
BRDA:18,0,41,0
BRDA:18,0,42,0
BRDA:18,0,43,0
BRDA:18,0,44,3
BRDA:18,0,45,3
BRDA:18,0,46,0
BRDA:18,0,47,0
BRDA:18,0,48,0
BRDA:18,0,49,0
BRDA:18,0,50,1
BRDA:18,0,51,1
BRDA:18,0,52,2
BRDA:18,0,53,2
BRDA:18,0,54,3
BRDA:18,0,55,2
BRDA:18,0,56,2
BRDA:18,0,57,2
BRDA:18,0,58,2
BRDA:18,0,59,2
BRDA:18,0,60,0
BRDA:18,0,61,0
BRDA:18,0,62,0
BRDA:18,0,63,0
BRDA:18,0,64,3
BRDA:18,0,65,2
BRDA:18,0,66,2
BRDA:18,0,67,1
BRDA:18,0,68,1
BRDA:18,0,69,0
BRDA:18,0,70,1
BRDA:18,0,71,0
BRDA:18,0,72,2
BRDA:18,0,73,1
BRDA:18,0,74,2
BRDA:18,0,75,1
BRDA:18,0,76,1
BRDA:18,0,77,0
BRDA:18,0,78,2
BRDA:18,0,79,1
BRDA:18,0,80,1
BRDA:18,0,81,0
BRDA:18,0,82,1
BRDA:18,0,83,0
BRDA:18,0,84,1
BRDA:18,0,85,0
BRDA:18,0,86,3
BRDA:18,0,87,2
BRDA:18,0,88,1
BRDA:18,0,89,0
BRDA:18,0,90,2
BRDA:18,0,91,1
BRDA:18,0,92,2
BRDA:18,0,93,1
BRDA:18,0,94,1
BRDA:18,0,95,0
BRDA:18,0,96,2
BRDA:18,0,97,1
BRDA:18,0,98,1
BRDA:18,0,99,0
BRDA:18,0,100,1
BRDA:18,0,101,0
BRDA:18,0,102,1
BRDA:18,0,103,0
BRDA:18,0,104,1
BRDA:18,0,105,0
BRDA:18,0,106,2
BRDA:18,0,107,1
BRDA:18,0,108,1
BRDA:18,0,109,0
BRDA:18,0,110,2
BRDA:18,0,111,1
BRDA:18,0,112,1
BRDA:18,0,113,0
BRDA:18,0,114,1
BRDA:18,0,115,0
BRDA:18,0,116,1
BRDA:18,0,117,0
BRDA:18,0,118,3
BRDA:18,0,119,2
BRDA:18,0,120,2
BRDA:18,0,121,1
BRDA:18,0,122,1
BRDA:18,0,123,0
BRDA:18,0,124,2
BRDA:18,0,125,1
BRDA:18,0,126,1
BRDA:18,0,127,0
BRDA:18,0,128,1
BRDA:18,0,129,0
BRDA:18,0,130,1
BRDA:18,0,131,0
BRDA:18,0,132,1
BRDA:18,0,133,0
BRDA:18,0,134,1
BRDA:18,0,135,0
BRDA:18,0,136,0
BRDA:18,0,137,0
BRDA:18,0,138,0
BRDA:18,0,139,0
BRDA:18,0,140,3
BRDA:18,0,141,3
BRDA:18,0,142,0
BRDA:18,0,143,0
BRDA:18,0,144,0
BRDA:18,0,145,0
BRDA:18,0,146,0
BRDA:18,0,147,0
BRDA:18,0,148,0
BRDA:18,0,149,0
BRDA:18,0,150,1
BRDA:18,0,151,0
BRDA:18,0,152,0
BRDA:18,0,153,0
BRDA:18,0,154,0
BRDA:18,0,155,0
BRDA:18,0,156,0
BRDA:18,0,157,0
BRDA:18,0,158,0
BRDA:18,0,159,0
BRDA:18,0,160,0
BRDA:18,0,161,0
BRDA:18,0,162,0
BRDA:18,0,163,0
BRDA:18,0,164,0
BRDA:18,0,165,0
BRDA:18,0,166,0
BRDA:18,0,167,0
BRDA:18,0,168,3
BRDA:18,0,169,2
BRDA:18,0,170,2
BRDA:18,0,171,1
BRDA:18,0,172,3
BRDA:18,0,173,3
BRDA:18,0,174,4
BRDA:18,0,175,3
BRDA:18,0,176,2
BRDA:18,0,177,2
BRDA:18,0,178,2
BRDA:18,0,179,1
BRDA:18,0,180,3
BRDA:18,0,181,3
BRDA:18,0,182,3
BRDA:18,0,183,3
BRDA:18,0,184,3
BRDA:18,0,185,2
BRDA:18,0,186,2
BRDA:18,0,187,2
BRDA:18,0,188,4
BRDA:18,0,189,3
BRDA:18,0,190,3
BRDA:18,0,191,3
BRDA:18,0,192,1
BRDA:18,0,193,0
BRDA:18,0,194,1
BRDA:18,0,195,1
BRDA:18,0,196,1
BRDA:18,0,197,0
BRDA:18,0,198,0
BRDA:18,0,199,0
BRDA:18,0,200,0
BRDA:18,0,201,0
BRDA:18,0,202,1
BRDA:18,0,203,0
BRDA:18,0,204,0
BRDA:18,0,205,0
BRDA:18,0,206,0
BRDA:18,0,207,0
BRDA:18,0,208,0
BRDA:18,0,209,0
BRDA:18,0,210,0
BRDA:18,0,211,0
BRDA:18,0,212,0
BRDA:18,0,213,0
BRDA:18,0,214,37
BRDA:18,0,215,37
BRDA:18,0,216,1
BRDA:18,0,217,0
DA:19,37
BRDA:19,0,0,37
BRDA:19,0,1,37
BRDA:19,0,2,10
BRDA:19,0,3,10
BRDA:19,0,4,10
BRDA:19,0,5,10
BRDA:19,0,6,9
BRDA:19,0,7,9
BRDA:19,0,8,10
BRDA:19,0,9,10
BRDA:19,0,10,10
BRDA:19,0,11,10
BRDA:19,0,12,10
BRDA:19,0,13,10
BRDA:19,0,14,10
BRDA:19,0,15,10
BRDA:19,0,16,10
BRDA:19,0,17,10
BRDA:19,0,18,10
BRDA:19,0,19,10
BRDA:19,0,20,9
BRDA:19,0,21,9
BRDA:19,0,22,9
BRDA:19,0,23,9
BRDA:19,0,24,9
BRDA:19,0,25,9
BRDA:19,0,26,9
BRDA:19,0,27,9
BRDA:19,0,28,10
BRDA:19,0,29,10
BRDA:19,0,30,9
BRDA:19,0,31,9
BRDA:19,0,32,10
BRDA:19,0,33,10
BRDA:19,0,34,10
BRDA:19,0,35,10
BRDA:19,0,36,10
BRDA:19,0,37,10
BRDA:19,0,38,9
BRDA:19,0,39,9
BRDA:19,0,40,10
BRDA:19,0,41,10
BRDA:19,0,42,10
BRDA:19,0,43,10
BRDA:19,0,44,10
BRDA:19,0,45,10
BRDA:19,0,46,10
BRDA:19,0,47,10
BRDA:19,0,48,9
BRDA:19,0,49,9
BRDA:19,0,50,9
BRDA:19,0,51,9
BRDA:19,0,52,9
BRDA:19,0,53,9
BRDA:19,0,54,10
BRDA:19,0,55,10
BRDA:19,0,56,10
BRDA:19,0,57,10
BRDA:19,0,58,10
BRDA:19,0,59,10
BRDA:19,0,60,10
BRDA:19,0,61,10
BRDA:19,0,62,10
BRDA:19,0,63,10
BRDA:19,0,64,9
BRDA:19,0,65,9
BRDA:19,0,66,0
BRDA:19,0,67,0
BRDA:19,0,68,11
BRDA:19,0,69,11
BRDA:19,0,70,0
BRDA:19,0,71,0
BRDA:19,0,72,0
BRDA:19,0,73,0
BRDA:19,0,74,0
BRDA:19,0,75,0
BRDA:19,0,76,0
BRDA:19,0,77,0
BRDA:19,0,78,0
BRDA:19,0,79,0
BRDA:19,0,80,0
BRDA:19,0,81,0
BRDA:19,0,82,0
BRDA:19,0,83,0
BRDA:19,0,84,9
BRDA:19,0,85,8
BRDA:19,0,86,0
BRDA:19,0,87,0
BRDA:19,0,88,0
BRDA:19,0,89,0
BRDA:19,0,90,0
BRDA:19,0,91,0
BRDA:19,0,92,0
BRDA:19,0,93,0
BRDA:19,0,94,0
BRDA:19,0,95,0
BRDA:19,0,96,0
BRDA:19,0,97,0
BRDA:19,0,98,0
BRDA:19,0,99,0
BRDA:19,0,100,0
BRDA:19,0,101,0
BRDA:19,0,102,2
BRDA:19,0,103,2
BRDA:19,0,104,2
BRDA:19,0,105,1
BRDA:19,0,106,2
BRDA:19,0,107,2
BRDA:19,0,108,4
BRDA:19,0,109,3
BRDA:19,0,110,2
BRDA:19,0,111,2
BRDA:19,0,112,1
BRDA:19,0,113,0
BRDA:19,0,114,1
BRDA:19,0,115,1
BRDA:19,0,116,4
BRDA:19,0,117,3
BRDA:19,0,118,3
BRDA:19,0,119,3
BRDA:19,0,120,0
BRDA:19,0,121,0
BRDA:19,0,122,1
BRDA:19,0,123,0
BRDA:19,0,124,9
BRDA:19,0,125,8
BRDA:19,0,126,11
BRDA:19,0,127,10
BRDA:19,0,128,0
BRDA:19,0,129,0
BRDA:19,0,130,37
BRDA:19,0,131,37
DA:21,0
BRDA:21,0,0,0
BRDA:21,0,1,0
BRDA:21,0,2,0
BRDA:21,0,3,0
BRDA:21,0,4,0
BRDA:21,0,5,0
BRDA:21,0,6,0
BRDA:21,0,7,0
DA:22,1
BRDA:22,0,0,1
BRDA:22,0,1,1
BRDA:22,0,2,0
BRDA:22,0,3,0
DA:24,0
BRDA:24,0,0,0
BRDA:24,0,1,0
DA:25,0
BRDA:25,0,0,0
BRDA:25,0,1,0
DA:26,0
BRDA:26,0,0,0
BRDA:26,0,1,0
DA:28,2
BRDA:28,0,0,2
BRDA:28,0,1,2
BRDA:28,0,2,2
BRDA:28,0,3,1
BRDA:28,0,4,2
BRDA:28,0,5,1
BRDA:28,0,6,2
BRDA:28,0,7,2
DA:38,8
BRDA:38,0,0,0
BRDA:38,0,1,0
BRDA:38,0,2,0
BRDA:38,0,3,0
BRDA:38,0,4,0
BRDA:38,0,5,0
BRDA:38,0,6,1
BRDA:38,0,7,1
BRDA:38,0,8,0
BRDA:38,0,9,0
BRDA:38,0,10,0
BRDA:38,0,11,0
BRDA:38,0,12,0
BRDA:38,0,13,0
BRDA:38,0,14,0
BRDA:38,0,15,0
BRDA:38,0,16,0
BRDA:38,0,17,0
BRDA:38,0,18,0
BRDA:38,0,19,0
BRDA:38,0,20,0
BRDA:38,0,21,0
BRDA:38,0,22,0
BRDA:38,0,23,0
BRDA:38,0,24,0
BRDA:38,0,25,0
BRDA:38,0,26,0
BRDA:38,0,27,0
BRDA:38,0,28,0
BRDA:38,0,29,0
BRDA:38,0,30,0
BRDA:38,0,31,0
BRDA:38,0,32,0
BRDA:38,0,33,0
BRDA:38,0,34,0
BRDA:38,0,35,0
BRDA:38,0,36,0
BRDA:38,0,37,0
BRDA:38,0,38,0
BRDA:38,0,39,0
BRDA:38,0,40,0
BRDA:38,0,41,0
BRDA:38,0,42,0
BRDA:38,0,43,0
BRDA:38,0,44,3
BRDA:38,0,45,3
BRDA:38,0,46,0
BRDA:38,0,47,0
BRDA:38,0,48,0
BRDA:38,0,49,0
BRDA:38,0,50,1
BRDA:38,0,51,1
BRDA:38,0,52,2
BRDA:38,0,53,2
BRDA:38,0,54,3
BRDA:38,0,55,2
BRDA:38,0,56,2
BRDA:38,0,57,2
BRDA:38,0,58,2
BRDA:38,0,59,2
BRDA:38,0,60,0
BRDA:38,0,61,0
BRDA:38,0,62,0
BRDA:38,0,63,0
BRDA:38,0,64,1
BRDA:38,0,65,0
BRDA:38,0,66,2
BRDA:38,0,67,1
BRDA:38,0,68,2
BRDA:38,0,69,1
BRDA:38,0,70,2
BRDA:38,0,71,1
BRDA:38,0,72,1
BRDA:38,0,73,0
BRDA:38,0,74,1
BRDA:38,0,75,0
BRDA:38,0,76,2
BRDA:38,0,77,1
BRDA:38,0,78,1
BRDA:38,0,79,0
BRDA:38,0,80,2
BRDA:38,0,81,1
BRDA:38,0,82,2
BRDA:38,0,83,1
BRDA:38,0,84,2
BRDA:38,0,85,1
BRDA:38,0,86,2
BRDA:38,0,87,1
BRDA:38,0,88,2
BRDA:38,0,89,1
BRDA:38,0,90,1
BRDA:38,0,91,0
BRDA:38,0,92,1
BRDA:38,0,93,0
BRDA:38,0,94,2
BRDA:38,0,95,1
BRDA:38,0,96,1
BRDA:38,0,97,0
BRDA:38,0,98,2
BRDA:38,0,99,1
BRDA:38,0,100,2
BRDA:38,0,101,1
BRDA:38,0,102,2
BRDA:38,0,103,1
BRDA:38,0,104,2
BRDA:38,0,105,1
BRDA:38,0,106,1
BRDA:38,0,107,0
BRDA:38,0,108,2
BRDA:38,0,109,1
BRDA:38,0,110,1
BRDA:38,0,111,0
BRDA:38,0,112,2
BRDA:38,0,113,1
BRDA:38,0,114,2
BRDA:38,0,115,1
BRDA:38,0,116,2
BRDA:38,0,117,1
BRDA:38,0,118,1
BRDA:38,0,119,0
BRDA:38,0,120,1
BRDA:38,0,121,0
BRDA:38,0,122,2
BRDA:38,0,123,1
BRDA:38,0,124,1
BRDA:38,0,125,0
BRDA:38,0,126,2
BRDA:38,0,127,1
BRDA:38,0,128,1
BRDA:38,0,129,0
BRDA:38,0,130,1
BRDA:38,0,131,0
BRDA:38,0,132,1
BRDA:38,0,133,0
BRDA:38,0,134,1
BRDA:38,0,135,0
BRDA:38,0,136,0
BRDA:38,0,137,0
BRDA:38,0,138,0
BRDA:38,0,139,0
BRDA:38,0,140,3
BRDA:38,0,141,3
BRDA:38,0,142,0
BRDA:38,0,143,0
BRDA:38,0,144,0
BRDA:38,0,145,0
BRDA:38,0,146,0
BRDA:38,0,147,0
BRDA:38,0,148,0
BRDA:38,0,149,0
BRDA:38,0,150,1
BRDA:38,0,151,0
BRDA:38,0,152,0
BRDA:38,0,153,0
BRDA:38,0,154,0
BRDA:38,0,155,0
BRDA:38,0,156,0
BRDA:38,0,157,0
BRDA:38,0,158,0
BRDA:38,0,159,0
BRDA:38,0,160,0
BRDA:38,0,161,0
BRDA:38,0,162,0
BRDA:38,0,163,0
BRDA:38,0,164,0
BRDA:38,0,165,0
BRDA:38,0,166,0
BRDA:38,0,167,0
BRDA:38,0,168,3
BRDA:38,0,169,3
BRDA:38,0,170,0
BRDA:38,0,171,0
BRDA:38,0,172,4
BRDA:38,0,173,3
BRDA:38,0,174,3
BRDA:38,0,175,3
BRDA:38,0,176,4
BRDA:38,0,177,3
BRDA:38,0,178,3
BRDA:38,0,179,3
BRDA:38,0,180,4
BRDA:38,0,181,3
BRDA:38,0,182,1
BRDA:38,0,183,0
BRDA:38,0,184,0
BRDA:38,0,185,0
BRDA:38,0,186,2
BRDA:38,0,187,1
BRDA:38,0,188,0
BRDA:38,0,189,0
BRDA:38,0,190,2
BRDA:38,0,191,1
BRDA:38,0,192,1
BRDA:38,0,193,1
BRDA:38,0,194,1
BRDA:38,0,195,0
BRDA:38,0,196,1
BRDA:38,0,197,0
BRDA:38,0,198,0
BRDA:38,0,199,0
BRDA:38,0,200,0
BRDA:38,0,201,0
BRDA:38,0,202,1
BRDA:38,0,203,0
BRDA:38,0,204,0
BRDA:38,0,205,0
BRDA:38,0,206,0
BRDA:38,0,207,0
BRDA:38,0,208,0
BRDA:38,0,209,0
BRDA:38,0,210,0
BRDA:38,0,211,0
BRDA:38,0,212,0
BRDA:38,0,213,0
BRDA:38,0,214,8
BRDA:38,0,215,8
BRDA:38,0,216,1
BRDA:38,0,217,0
DA:39,9
BRDA:39,0,0,8
BRDA:39,0,1,8
BRDA:39,0,2,1
BRDA:39,0,3,0
BRDA:39,0,4,1
BRDA:39,0,5,0
BRDA:39,0,6,1
BRDA:39,0,7,0
BRDA:39,0,8,1
BRDA:39,0,9,0
BRDA:39,0,10,1
BRDA:39,0,11,0
BRDA:39,0,12,1
BRDA:39,0,13,0
BRDA:39,0,14,1
BRDA:39,0,15,0
BRDA:39,0,16,1
BRDA:39,0,17,0
BRDA:39,0,18,1
BRDA:39,0,19,0
BRDA:39,0,20,1
BRDA:39,0,21,0
BRDA:39,0,22,1
BRDA:39,0,23,0
BRDA:39,0,24,1
BRDA:39,0,25,0
BRDA:39,0,26,1
BRDA:39,0,27,0
BRDA:39,0,28,1
BRDA:39,0,29,0
BRDA:39,0,30,1
BRDA:39,0,31,0
BRDA:39,0,32,1
BRDA:39,0,33,0
BRDA:39,0,34,1
BRDA:39,0,35,0
BRDA:39,0,36,1
BRDA:39,0,37,0
BRDA:39,0,38,1
BRDA:39,0,39,0
BRDA:39,0,40,1
BRDA:39,0,41,0
BRDA:39,0,42,1
BRDA:39,0,43,0
BRDA:39,0,44,1
BRDA:39,0,45,0
BRDA:39,0,46,1
BRDA:39,0,47,0
BRDA:39,0,48,1
BRDA:39,0,49,0
BRDA:39,0,50,1
BRDA:39,0,51,0
BRDA:39,0,52,1
BRDA:39,0,53,0
BRDA:39,0,54,1
BRDA:39,0,55,0
BRDA:39,0,56,1
BRDA:39,0,57,0
BRDA:39,0,58,1
BRDA:39,0,59,0
BRDA:39,0,60,1
BRDA:39,0,61,0
BRDA:39,0,62,1
BRDA:39,0,63,0
BRDA:39,0,64,1
BRDA:39,0,65,0
BRDA:39,0,66,0
BRDA:39,0,67,0
BRDA:39,0,68,9
BRDA:39,0,69,8
BRDA:39,0,70,0
BRDA:39,0,71,0
BRDA:39,0,72,0
BRDA:39,0,73,0
BRDA:39,0,74,0
BRDA:39,0,75,0
BRDA:39,0,76,0
BRDA:39,0,77,0
BRDA:39,0,78,0
BRDA:39,0,79,0
BRDA:39,0,80,0
BRDA:39,0,81,0
BRDA:39,0,82,0
BRDA:39,0,83,0
BRDA:39,0,84,8
BRDA:39,0,85,8
BRDA:39,0,86,0
BRDA:39,0,87,0
BRDA:39,0,88,0
BRDA:39,0,89,0
BRDA:39,0,90,0
BRDA:39,0,91,0
BRDA:39,0,92,0
BRDA:39,0,93,0
BRDA:39,0,94,0
BRDA:39,0,95,0
BRDA:39,0,96,0
BRDA:39,0,97,0
BRDA:39,0,98,0
BRDA:39,0,99,0
BRDA:39,0,100,0
BRDA:39,0,101,0
BRDA:39,0,102,0
BRDA:39,0,103,0
BRDA:39,0,104,1
BRDA:39,0,105,0
BRDA:39,0,106,0
BRDA:39,0,107,0
BRDA:39,0,108,1
BRDA:39,0,109,0
BRDA:39,0,110,0
BRDA:39,0,111,0
BRDA:39,0,112,1
BRDA:39,0,113,0
BRDA:39,0,114,0
BRDA:39,0,115,0
BRDA:39,0,116,0
BRDA:39,0,117,0
BRDA:39,0,118,0
BRDA:39,0,119,0
BRDA:39,0,120,0
BRDA:39,0,121,0
BRDA:39,0,122,0
BRDA:39,0,123,0
BRDA:39,0,124,0
BRDA:39,0,125,0
BRDA:39,0,126,0
BRDA:39,0,127,0
BRDA:39,0,128,0
BRDA:39,0,129,0
BRDA:39,0,130,8
BRDA:39,0,131,8
DA:45,1
BRDA:45,0,0,0
BRDA:45,0,1,0
BRDA:45,0,2,1
BRDA:45,0,3,0
BRDA:45,0,4,0
BRDA:45,0,5,0
BRDA:45,0,6,0
BRDA:45,0,7,0
BRDA:45,0,8,0
BRDA:45,0,9,0
BRDA:45,0,10,1
BRDA:45,0,11,1
BRDA:45,0,12,0
BRDA:45,0,13,0
BRDA:45,0,14,1
BRDA:45,0,15,0
BRDA:45,0,16,0
BRDA:45,0,17,0
BRDA:45,0,18,0
BRDA:45,0,19,0
BRDA:45,0,20,0
BRDA:45,0,21,0
BRDA:45,0,22,1
BRDA:45,0,23,1
DA:47,0
BRDA:47,0,0,0
BRDA:47,0,1,0
DA:48,4
BRDA:48,0,0,3
BRDA:48,0,1,2
BRDA:48,0,2,3
BRDA:48,0,3,2
BRDA:48,0,4,2
BRDA:48,0,5,1
BRDA:48,0,6,2
BRDA:48,0,7,1
BRDA:48,0,8,2
BRDA:48,0,9,1
BRDA:48,0,10,2
BRDA:48,0,11,1
BRDA:48,0,12,2
BRDA:48,0,13,1
BRDA:48,0,14,2
BRDA:48,0,15,1
BRDA:48,0,16,2
BRDA:48,0,17,1
BRDA:48,0,18,2
BRDA:48,0,19,1
BRDA:48,0,20,2
BRDA:48,0,21,1
BRDA:48,0,22,4
BRDA:48,0,23,3
BRDA:48,0,24,2
BRDA:48,0,25,1
BRDA:48,0,26,2
BRDA:48,0,27,1
BRDA:48,0,28,2
BRDA:48,0,29,1
BRDA:48,0,30,2
BRDA:48,0,31,1
BRDA:48,0,32,2
BRDA:48,0,33,1
BRDA:48,0,34,2
BRDA:48,0,35,1
BRDA:48,0,36,2
BRDA:48,0,37,1
BRDA:48,0,38,2
BRDA:48,0,39,1
BRDA:48,0,40,2
BRDA:48,0,41,1
BRDA:48,0,42,2
BRDA:48,0,43,1
BRDA:48,0,44,2
BRDA:48,0,45,1
BRDA:48,0,46,2
BRDA:48,0,47,1
BRDA:48,0,48,2
BRDA:48,0,49,1
BRDA:48,0,50,2
BRDA:48,0,51,1
BRDA:48,0,52,2
BRDA:48,0,53,1
BRDA:48,0,54,3
BRDA:48,0,55,2
BRDA:48,0,56,2
BRDA:48,0,57,1
BRDA:48,0,58,2
BRDA:48,0,59,1
BRDA:48,0,60,2
BRDA:48,0,61,1
BRDA:48,0,62,2
BRDA:48,0,63,1
DA:50,8
BRDA:50,0,0,8
BRDA:50,0,1,8
DA:51,8
BRDA:51,0,0,8
BRDA:51,0,1,8
DA:52,8
BRDA:52,0,0,8
BRDA:52,0,1,8
BRDA:52,0,2,0
BRDA:52,0,3,0
BRDA:52,0,4,0
BRDA:52,0,5,0
BRDA:52,0,6,0
BRDA:52,0,7,0
BRDA:52,0,8,8
BRDA:52,0,9,8
BRDA:52,0,10,8
BRDA:52,0,11,8
BRDA:52,0,12,0
BRDA:52,0,13,0
BRDA:52,0,14,8
BRDA:52,0,15,8
BRDA:52,0,16,0
BRDA:52,0,17,0
BRDA:52,0,18,0
BRDA:52,0,19,0
BRDA:52,0,20,0
BRDA:52,0,21,0
BRDA:52,0,22,0
BRDA:52,0,23,0
BRDA:52,0,24,0
BRDA:52,0,25,0
BRDA:52,0,26,8
BRDA:52,0,27,8
BRDA:52,0,28,8
BRDA:52,0,29,8
BRDA:52,0,30,0
BRDA:52,0,31,0
BRDA:52,0,32,8
BRDA:52,0,33,8
BRDA:52,0,34,0
BRDA:52,0,35,0
BRDA:52,0,36,0
BRDA:52,0,37,0
BRDA:52,0,38,0
BRDA:52,0,39,0
BRDA:52,0,40,0
BRDA:52,0,41,0
BRDA:52,0,42,8
BRDA:52,0,43,8
BRDA:52,0,44,0
BRDA:52,0,45,0
BRDA:52,0,46,8
BRDA:52,0,47,8
BRDA:52,0,48,0
BRDA:52,0,49,0
BRDA:52,0,50,0
BRDA:52,0,51,0
BRDA:52,0,52,0
BRDA:52,0,53,0
BRDA:52,0,54,8
BRDA:52,0,55,8
BRDA:52,0,56,8
BRDA:52,0,57,8
BRDA:52,0,58,0
BRDA:52,0,59,0
BRDA:52,0,60,8
BRDA:52,0,61,8
BRDA:52,0,62,0
BRDA:52,0,63,0
BRDA:52,0,64,8
BRDA:52,0,65,8
BRDA:52,0,66,8
BRDA:52,0,67,8
BRDA:52,0,68,8
BRDA:52,0,69,8
BRDA:52,0,70,8
BRDA:52,0,71,8
DA:54,8
BRDA:54,0,0,8
BRDA:54,0,1,8
BRDA:54,0,2,2
BRDA:54,0,3,1
DA:55,8
BRDA:55,0,0,8
BRDA:55,0,1,8
BRDA:55,0,2,0
BRDA:55,0,3,0
BRDA:55,0,4,0
BRDA:55,0,5,0
BRDA:55,0,6,0
BRDA:55,0,7,0
BRDA:55,0,8,8
BRDA:55,0,9,8
BRDA:55,0,10,8
BRDA:55,0,11,8
BRDA:55,0,12,0
BRDA:55,0,13,0
BRDA:55,0,14,8
BRDA:55,0,15,8
BRDA:55,0,16,0
BRDA:55,0,17,0
BRDA:55,0,18,0
BRDA:55,0,19,0
BRDA:55,0,20,0
BRDA:55,0,21,0
BRDA:55,0,22,0
BRDA:55,0,23,0
BRDA:55,0,24,0
BRDA:55,0,25,0
BRDA:55,0,26,8
BRDA:55,0,27,8
BRDA:55,0,28,8
BRDA:55,0,29,8
BRDA:55,0,30,0
BRDA:55,0,31,0
BRDA:55,0,32,8
BRDA:55,0,33,8
BRDA:55,0,34,0
BRDA:55,0,35,0
BRDA:55,0,36,0
BRDA:55,0,37,0
BRDA:55,0,38,0
BRDA:55,0,39,0
BRDA:55,0,40,0
BRDA:55,0,41,0
BRDA:55,0,42,8
BRDA:55,0,43,8
BRDA:55,0,44,0
BRDA:55,0,45,0
BRDA:55,0,46,8
BRDA:55,0,47,8
BRDA:55,0,48,0
BRDA:55,0,49,0
BRDA:55,0,50,0
BRDA:55,0,51,0
BRDA:55,0,52,0
BRDA:55,0,53,0
BRDA:55,0,54,8
BRDA:55,0,55,8
BRDA:55,0,56,8
BRDA:55,0,57,8
BRDA:55,0,58,0
BRDA:55,0,59,0
BRDA:55,0,60,8
BRDA:55,0,61,8
BRDA:55,0,62,0
BRDA:55,0,63,0
BRDA:55,0,64,8
BRDA:55,0,65,8
BRDA:55,0,66,8
BRDA:55,0,67,8
BRDA:55,0,68,8
BRDA:55,0,69,8
BRDA:55,0,70,8
BRDA:55,0,71,8
DA:56,0
BRDA:56,0,0,0
BRDA:56,0,1,0
DA:57,9
BRDA:57,0,0,9
BRDA:57,0,1,8
DA:58,0
BRDA:58,0,0,0
BRDA:58,0,1,0
BRDA:58,0,2,0
BRDA:58,0,3,0
BRDA:58,0,4,0
BRDA:58,0,5,0
BRDA:58,0,6,0
BRDA:58,0,7,0
BRDA:58,0,8,0
BRDA:58,0,9,0
BRDA:58,0,10,0
BRDA:58,0,11,0
DA:60,8
BRDA:60,0,0,8
BRDA:60,0,1,8
DA:61,8
BRDA:61,0,0,8
BRDA:61,0,1,8
DA:62,8
BRDA:62,0,0,8
BRDA:62,0,1,8
DA:63,8
BRDA:63,0,0,8
BRDA:63,0,1,8
BRDA:63,0,2,0
BRDA:63,0,3,0
BRDA:63,0,4,0
BRDA:63,0,5,0
BRDA:63,0,6,0
BRDA:63,0,7,0
BRDA:63,0,8,8
BRDA:63,0,9,8
BRDA:63,0,10,8
BRDA:63,0,11,8
BRDA:63,0,12,0
BRDA:63,0,13,0
BRDA:63,0,14,8
BRDA:63,0,15,8
BRDA:63,0,16,0
BRDA:63,0,17,0
BRDA:63,0,18,0
BRDA:63,0,19,0
BRDA:63,0,20,0
BRDA:63,0,21,0
BRDA:63,0,22,0
BRDA:63,0,23,0
BRDA:63,0,24,0
BRDA:63,0,25,0
BRDA:63,0,26,8
BRDA:63,0,27,8
BRDA:63,0,28,8
BRDA:63,0,29,8
BRDA:63,0,30,0
BRDA:63,0,31,0
BRDA:63,0,32,8
BRDA:63,0,33,8
BRDA:63,0,34,0
BRDA:63,0,35,0
BRDA:63,0,36,0
BRDA:63,0,37,0
BRDA:63,0,38,0
BRDA:63,0,39,0
BRDA:63,0,40,0
BRDA:63,0,41,0
BRDA:63,0,42,8
BRDA:63,0,43,8
BRDA:63,0,44,0
BRDA:63,0,45,0
BRDA:63,0,46,8
BRDA:63,0,47,8
BRDA:63,0,48,0
BRDA:63,0,49,0
BRDA:63,0,50,0
BRDA:63,0,51,0
BRDA:63,0,52,0
BRDA:63,0,53,0
BRDA:63,0,54,8
BRDA:63,0,55,8
BRDA:63,0,56,8
BRDA:63,0,57,8
BRDA:63,0,58,0
BRDA:63,0,59,0
BRDA:63,0,60,8
BRDA:63,0,61,8
BRDA:63,0,62,0
BRDA:63,0,63,0
DA:64,8
BRDA:64,0,0,8
BRDA:64,0,1,8
BRDA:64,0,2,8
BRDA:64,0,3,8
BRDA:64,0,4,8
BRDA:64,0,5,8
BRDA:64,0,6,8
BRDA:64,0,7,8
BRDA:64,0,8,8
BRDA:64,0,9,8
BRDA:64,0,10,8
BRDA:64,0,11,8
BRDA:64,0,12,8
BRDA:64,0,13,8
BRDA:64,0,14,8
BRDA:64,0,15,8
BRDA:64,0,16,8
BRDA:64,0,17,8
BRDA:64,0,18,8
BRDA:64,0,19,8
BRDA:64,0,20,8
BRDA:64,0,21,8
BRDA:64,0,22,8
BRDA:64,0,23,8
BRDA:64,0,24,8
BRDA:64,0,25,8
BRDA:64,0,26,8
BRDA:64,0,27,8
BRDA:64,0,28,8
BRDA:64,0,29,8
BRDA:64,0,30,8
BRDA:64,0,31,8
BRDA:64,0,32,8
BRDA:64,0,33,8
BRDA:64,0,34,8
BRDA:64,0,35,8
BRDA:64,0,36,8
BRDA:64,0,37,8
BRDA:64,0,38,8
BRDA:64,0,39,8
BRDA:64,0,40,8
BRDA:64,0,41,8
BRDA:64,0,42,8
BRDA:64,0,43,8
BRDA:64,0,44,8
BRDA:64,0,45,8
BRDA:64,0,46,8
BRDA:64,0,47,8
BRDA:64,0,48,8
BRDA:64,0,49,8
BRDA:64,0,50,8
BRDA:64,0,51,8
BRDA:64,0,52,8
BRDA:64,0,53,8
BRDA:64,0,54,8
BRDA:64,0,55,8
BRDA:64,0,56,8
BRDA:64,0,57,8
BRDA:64,0,58,8
BRDA:64,0,59,8
BRDA:64,0,60,8
BRDA:64,0,61,8
BRDA:64,0,62,8
BRDA:64,0,63,8
DA:65,1
BRDA:65,0,0,1
BRDA:65,0,1,0
BRDA:65,0,2,1
BRDA:65,0,3,0
BRDA:65,0,4,1
BRDA:65,0,5,0
BRDA:65,0,6,1
BRDA:65,0,7,0
BRDA:65,0,8,1
BRDA:65,0,9,0
BRDA:65,0,10,1
BRDA:65,0,11,0
BRDA:65,0,12,1
BRDA:65,0,13,0
BRDA:65,0,14,1
BRDA:65,0,15,0
BRDA:65,0,16,1
BRDA:65,0,17,0
BRDA:65,0,18,1
BRDA:65,0,19,0
BRDA:65,0,20,1
BRDA:65,0,21,0
BRDA:65,0,22,1
BRDA:65,0,23,0
BRDA:65,0,24,1
BRDA:65,0,25,0
BRDA:65,0,26,1
BRDA:65,0,27,0
BRDA:65,0,28,1
BRDA:65,0,29,0
BRDA:65,0,30,1
BRDA:65,0,31,0
BRDA:65,0,32,1
BRDA:65,0,33,0
BRDA:65,0,34,1
BRDA:65,0,35,0
BRDA:65,0,36,1
BRDA:65,0,37,0
BRDA:65,0,38,1
BRDA:65,0,39,0
BRDA:65,0,40,1
BRDA:65,0,41,0
BRDA:65,0,42,1
BRDA:65,0,43,0
BRDA:65,0,44,1
BRDA:65,0,45,0
BRDA:65,0,46,1
BRDA:65,0,47,0
BRDA:65,0,48,1
BRDA:65,0,49,0
BRDA:65,0,50,1
BRDA:65,0,51,0
BRDA:65,0,52,1
BRDA:65,0,53,0
BRDA:65,0,54,1
BRDA:65,0,55,0
BRDA:65,0,56,1
BRDA:65,0,57,0
BRDA:65,0,58,1
BRDA:65,0,59,0
BRDA:65,0,60,1
BRDA:65,0,61,0
BRDA:65,0,62,1
BRDA:65,0,63,0
DA:66,1
BRDA:66,0,0,1
BRDA:66,0,1,0
BRDA:66,0,2,1
BRDA:66,0,3,0
DA:67,8
BRDA:67,0,0,8
BRDA:67,0,1,8
BRDA:67,0,2,0
BRDA:67,0,3,0
BRDA:67,0,4,0
BRDA:67,0,5,0
BRDA:67,0,6,0
BRDA:67,0,7,0
BRDA:67,0,8,8
BRDA:67,0,9,8
BRDA:67,0,10,8
BRDA:67,0,11,8
BRDA:67,0,12,0
BRDA:67,0,13,0
BRDA:67,0,14,8
BRDA:67,0,15,8
BRDA:67,0,16,0
BRDA:67,0,17,0
BRDA:67,0,18,0
BRDA:67,0,19,0
BRDA:67,0,20,0
BRDA:67,0,21,0
BRDA:67,0,22,0
BRDA:67,0,23,0
BRDA:67,0,24,0
BRDA:67,0,25,0
BRDA:67,0,26,8
BRDA:67,0,27,8
BRDA:67,0,28,8
BRDA:67,0,29,8
BRDA:67,0,30,0
BRDA:67,0,31,0
BRDA:67,0,32,8
BRDA:67,0,33,8
BRDA:67,0,34,0
BRDA:67,0,35,0
BRDA:67,0,36,0
BRDA:67,0,37,0
BRDA:67,0,38,0
BRDA:67,0,39,0
BRDA:67,0,40,0
BRDA:67,0,41,0
BRDA:67,0,42,8
BRDA:67,0,43,8
BRDA:67,0,44,0
BRDA:67,0,45,0
BRDA:67,0,46,8
BRDA:67,0,47,8
BRDA:67,0,48,0
BRDA:67,0,49,0
BRDA:67,0,50,0
BRDA:67,0,51,0
BRDA:67,0,52,0
BRDA:67,0,53,0
BRDA:67,0,54,8
BRDA:67,0,55,8
BRDA:67,0,56,8
BRDA:67,0,57,8
BRDA:67,0,58,0
BRDA:67,0,59,0
BRDA:67,0,60,8
BRDA:67,0,61,8
BRDA:67,0,62,0
BRDA:67,0,63,0
DA:68,8
BRDA:68,0,0,8
BRDA:68,0,1,8
BRDA:68,0,2,8
BRDA:68,0,3,8
BRDA:68,0,4,8
BRDA:68,0,5,8
BRDA:68,0,6,8
BRDA:68,0,7,8
BRDA:68,0,8,8
BRDA:68,0,9,8
BRDA:68,0,10,8
BRDA:68,0,11,8
BRDA:68,0,12,8
BRDA:68,0,13,8
BRDA:68,0,14,8
BRDA:68,0,15,8
BRDA:68,0,16,8
BRDA:68,0,17,8
BRDA:68,0,18,8
BRDA:68,0,19,8
BRDA:68,0,20,8
BRDA:68,0,21,8
BRDA:68,0,22,8
BRDA:68,0,23,8
BRDA:68,0,24,8
BRDA:68,0,25,8
BRDA:68,0,26,8
BRDA:68,0,27,8
BRDA:68,0,28,8
BRDA:68,0,29,8
BRDA:68,0,30,8
BRDA:68,0,31,8
BRDA:68,0,32,8
BRDA:68,0,33,8
BRDA:68,0,34,8
BRDA:68,0,35,8
BRDA:68,0,36,8
BRDA:68,0,37,8
BRDA:68,0,38,8
BRDA:68,0,39,8
BRDA:68,0,40,8
BRDA:68,0,41,8
BRDA:68,0,42,8
BRDA:68,0,43,8
BRDA:68,0,44,8
BRDA:68,0,45,8
BRDA:68,0,46,8
BRDA:68,0,47,8
BRDA:68,0,48,8
BRDA:68,0,49,8
BRDA:68,0,50,8
BRDA:68,0,51,8
BRDA:68,0,52,8
BRDA:68,0,53,8
BRDA:68,0,54,8
BRDA:68,0,55,8
BRDA:68,0,56,8
BRDA:68,0,57,8
BRDA:68,0,58,8
BRDA:68,0,59,8
BRDA:68,0,60,8
BRDA:68,0,61,8
BRDA:68,0,62,8
BRDA:68,0,63,8
DA:70,1
BRDA:70,0,0,1
BRDA:70,0,1,0
DA:71,1
BRDA:71,0,0,1
BRDA:71,0,1,1
DA:73,8
BRDA:73,0,0,8
BRDA:73,0,1,8
DA:74,8
BRDA:74,0,0,8
BRDA:74,0,1,8
BRDA:74,0,2,0
BRDA:74,0,3,0
BRDA:74,0,4,0
BRDA:74,0,5,0
BRDA:74,0,6,0
BRDA:74,0,7,0
BRDA:74,0,8,8
BRDA:74,0,9,8
BRDA:74,0,10,8
BRDA:74,0,11,8
BRDA:74,0,12,0
BRDA:74,0,13,0
BRDA:74,0,14,8
BRDA:74,0,15,8
BRDA:74,0,16,0
BRDA:74,0,17,0
BRDA:74,0,18,0
BRDA:74,0,19,0
BRDA:74,0,20,0
BRDA:74,0,21,0
BRDA:74,0,22,0
BRDA:74,0,23,0
BRDA:74,0,24,0
BRDA:74,0,25,0
BRDA:74,0,26,8
BRDA:74,0,27,8
BRDA:74,0,28,8
BRDA:74,0,29,8
BRDA:74,0,30,0
BRDA:74,0,31,0
BRDA:74,0,32,8
BRDA:74,0,33,8
BRDA:74,0,34,0
BRDA:74,0,35,0
BRDA:74,0,36,0
BRDA:74,0,37,0
BRDA:74,0,38,0
BRDA:74,0,39,0
BRDA:74,0,40,0
BRDA:74,0,41,0
BRDA:74,0,42,8
BRDA:74,0,43,8
BRDA:74,0,44,0
BRDA:74,0,45,0
BRDA:74,0,46,8
BRDA:74,0,47,8
BRDA:74,0,48,0
BRDA:74,0,49,0
BRDA:74,0,50,0
BRDA:74,0,51,0
BRDA:74,0,52,0
BRDA:74,0,53,0
BRDA:74,0,54,8
BRDA:74,0,55,8
BRDA:74,0,56,8
BRDA:74,0,57,8
BRDA:74,0,58,0
BRDA:74,0,59,0
BRDA:74,0,60,8
BRDA:74,0,61,8
BRDA:74,0,62,0
BRDA:74,0,63,0
DA:75,8
BRDA:75,0,0,8
BRDA:75,0,1,8
BRDA:75,0,2,8
BRDA:75,0,3,8
BRDA:75,0,4,8
BRDA:75,0,5,8
BRDA:75,0,6,8
BRDA:75,0,7,8
BRDA:75,0,8,8
BRDA:75,0,9,8
BRDA:75,0,10,8
BRDA:75,0,11,8
BRDA:75,0,12,8
BRDA:75,0,13,8
BRDA:75,0,14,8
BRDA:75,0,15,8
BRDA:75,0,16,8
BRDA:75,0,17,8
BRDA:75,0,18,8
BRDA:75,0,19,8
BRDA:75,0,20,8
BRDA:75,0,21,8
BRDA:75,0,22,8
BRDA:75,0,23,8
BRDA:75,0,24,8
BRDA:75,0,25,8
BRDA:75,0,26,8
BRDA:75,0,27,8
BRDA:75,0,28,8
BRDA:75,0,29,8
BRDA:75,0,30,8
BRDA:75,0,31,8
BRDA:75,0,32,8
BRDA:75,0,33,8
BRDA:75,0,34,8
BRDA:75,0,35,8
BRDA:75,0,36,8
BRDA:75,0,37,8
BRDA:75,0,38,8
BRDA:75,0,39,8
BRDA:75,0,40,8
BRDA:75,0,41,8
BRDA:75,0,42,8
BRDA:75,0,43,8
BRDA:75,0,44,8
BRDA:75,0,45,8
BRDA:75,0,46,8
BRDA:75,0,47,8
BRDA:75,0,48,8
BRDA:75,0,49,8
BRDA:75,0,50,8
BRDA:75,0,51,8
BRDA:75,0,52,8
BRDA:75,0,53,8
BRDA:75,0,54,8
BRDA:75,0,55,8
BRDA:75,0,56,8
BRDA:75,0,57,8
BRDA:75,0,58,8
BRDA:75,0,59,8
BRDA:75,0,60,8
BRDA:75,0,61,8
BRDA:75,0,62,8
BRDA:75,0,63,8
DA:76,0
BRDA:76,0,0,0
BRDA:76,0,1,0
DA:77,0
BRDA:77,0,0,0
BRDA:77,0,1,0
DA:78,0
BRDA:78,0,0,0
BRDA:78,0,1,0
BRDA:78,0,2,0
BRDA:78,0,3,0
BRDA:78,0,4,0
BRDA:78,0,5,0
BRDA:78,0,6,0
BRDA:78,0,7,0
DA:80,9
BRDA:80,0,0,9
BRDA:80,0,1,9
DA:81,8
BRDA:81,0,0,8
BRDA:81,0,1,8
BRDA:81,0,2,0
BRDA:81,0,3,0
BRDA:81,0,4,0
BRDA:81,0,5,0
BRDA:81,0,6,0
BRDA:81,0,7,0
BRDA:81,0,8,8
BRDA:81,0,9,8
BRDA:81,0,10,8
BRDA:81,0,11,8
BRDA:81,0,12,0
BRDA:81,0,13,0
BRDA:81,0,14,8
BRDA:81,0,15,8
BRDA:81,0,16,0
BRDA:81,0,17,0
BRDA:81,0,18,0
BRDA:81,0,19,0
BRDA:81,0,20,0
BRDA:81,0,21,0
BRDA:81,0,22,0
BRDA:81,0,23,0
BRDA:81,0,24,0
BRDA:81,0,25,0
BRDA:81,0,26,8
BRDA:81,0,27,8
BRDA:81,0,28,8
BRDA:81,0,29,8
BRDA:81,0,30,0
BRDA:81,0,31,0
BRDA:81,0,32,8
BRDA:81,0,33,8
BRDA:81,0,34,0
BRDA:81,0,35,0
BRDA:81,0,36,0
BRDA:81,0,37,0
BRDA:81,0,38,0
BRDA:81,0,39,0
BRDA:81,0,40,0
BRDA:81,0,41,0
BRDA:81,0,42,8
BRDA:81,0,43,8
BRDA:81,0,44,0
BRDA:81,0,45,0
BRDA:81,0,46,8
BRDA:81,0,47,8
BRDA:81,0,48,0
BRDA:81,0,49,0
BRDA:81,0,50,0
BRDA:81,0,51,0
BRDA:81,0,52,0
BRDA:81,0,53,0
BRDA:81,0,54,8
BRDA:81,0,55,8
BRDA:81,0,56,8
BRDA:81,0,57,8
BRDA:81,0,58,0
BRDA:81,0,59,0
BRDA:81,0,60,8
BRDA:81,0,61,8
BRDA:81,0,62,0
BRDA:81,0,63,0
BRDA:81,0,64,8
BRDA:81,0,65,8
BRDA:81,0,66,8
BRDA:81,0,67,8
BRDA:81,0,68,8
BRDA:81,0,69,8
BRDA:81,0,70,8
BRDA:81,0,71,8
DA:82,8
BRDA:82,0,0,8
BRDA:82,0,1,8
DA:84,1
BRDA:84,0,0,1
BRDA:84,0,1,0
DA:85,0
BRDA:85,0,0,0
BRDA:85,0,1,0
DA:86,0
BRDA:86,0,0,0
BRDA:86,0,1,0
DA:87,0
BRDA:87,0,0,0
BRDA:87,0,1,0
DA:88,0
BRDA:88,0,0,0
BRDA:88,0,1,0
DA:90,1
BRDA:90,0,0,1
BRDA:90,0,1,1
DA:91,1
BRDA:91,0,0,1
BRDA:91,0,1,1
DA:92,0
BRDA:92,0,0,0
BRDA:92,0,1,0
DA:93,0
BRDA:93,0,0,0
BRDA:93,0,1,0
DA:94,0
BRDA:94,0,0,0
BRDA:94,0,1,0
DA:95,1
BRDA:95,0,0,1
BRDA:95,0,1,1
DA:96,0
BRDA:96,0,0,0
BRDA:96,0,1,0
DA:97,1
BRDA:97,0,0,1
BRDA:97,0,1,1
DA:98,1
BRDA:98,0,0,1
BRDA:98,0,1,1
DA:99,1
BRDA:99,0,0,1
BRDA:99,0,1,1
DA:100,1
BRDA:100,0,0,1
BRDA:100,0,1,1
DA:101,1
BRDA:101,0,0,1
BRDA:101,0,1,1
DA:102,0
BRDA:102,0,0,0
BRDA:102,0,1,0
DA:104,1
BRDA:104,0,0,1
BRDA:104,0,1,1
DA:105,1
BRDA:105,0,0,1
BRDA:105,0,1,1
DA:107,4
BRDA:107,0,0,0
BRDA:107,0,1,0
BRDA:107,0,2,0
BRDA:107,0,3,0
BRDA:107,0,4,0
BRDA:107,0,5,0
BRDA:107,0,6,0
BRDA:107,0,7,0
BRDA:107,0,8,0
BRDA:107,0,9,0
BRDA:107,0,10,0
BRDA:107,0,11,0
BRDA:107,0,12,0
BRDA:107,0,13,0
BRDA:107,0,14,0
BRDA:107,0,15,0
BRDA:107,0,16,0
BRDA:107,0,17,0
BRDA:107,0,18,0
BRDA:107,0,19,0
BRDA:107,0,20,0
BRDA:107,0,21,0
BRDA:107,0,22,0
BRDA:107,0,23,0
BRDA:107,0,24,0
BRDA:107,0,25,0
BRDA:107,0,26,0
BRDA:107,0,27,0
BRDA:107,0,28,0
BRDA:107,0,29,0
BRDA:107,0,30,0
BRDA:107,0,31,0
BRDA:107,0,32,0
BRDA:107,0,33,0
BRDA:107,0,34,0
BRDA:107,0,35,0
BRDA:107,0,36,0
BRDA:107,0,37,0
BRDA:107,0,38,0
BRDA:107,0,39,0
BRDA:107,0,40,0
BRDA:107,0,41,0
BRDA:107,0,42,0
BRDA:107,0,43,0
BRDA:107,0,44,0
BRDA:107,0,45,0
BRDA:107,0,46,0
BRDA:107,0,47,0
BRDA:107,0,48,0
BRDA:107,0,49,0
BRDA:107,0,50,0
BRDA:107,0,51,0
BRDA:107,0,52,0
BRDA:107,0,53,0
BRDA:107,0,54,0
BRDA:107,0,55,0
BRDA:107,0,56,0
BRDA:107,0,57,0
BRDA:107,0,58,0
BRDA:107,0,59,0
BRDA:107,0,60,0
BRDA:107,0,61,0
BRDA:107,0,62,0
BRDA:107,0,63,0
BRDA:107,0,64,0
BRDA:107,0,65,0
BRDA:107,0,66,0
BRDA:107,0,67,0
BRDA:107,0,68,0
BRDA:107,0,69,0
BRDA:107,0,70,0
BRDA:107,0,71,0
BRDA:107,0,72,0
BRDA:107,0,73,0
BRDA:107,0,74,0
BRDA:107,0,75,0
BRDA:107,0,76,0
BRDA:107,0,77,0
BRDA:107,0,78,0
BRDA:107,0,79,0
BRDA:107,0,80,0
BRDA:107,0,81,0
BRDA:107,0,82,0
BRDA:107,0,83,0
BRDA:107,0,84,0
BRDA:107,0,85,0
BRDA:107,0,86,0
BRDA:107,0,87,0
BRDA:107,0,88,0
BRDA:107,0,89,0
BRDA:107,0,90,0
BRDA:107,0,91,0
BRDA:107,0,92,0
BRDA:107,0,93,0
BRDA:107,0,94,0
BRDA:107,0,95,0
BRDA:107,0,96,0
BRDA:107,0,97,0
BRDA:107,0,98,0
BRDA:107,0,99,0
BRDA:107,0,100,0
BRDA:107,0,101,0
BRDA:107,0,102,0
BRDA:107,0,103,0
BRDA:107,0,104,0
BRDA:107,0,105,0
BRDA:107,0,106,0
BRDA:107,0,107,0
BRDA:107,0,108,0
BRDA:107,0,109,0
BRDA:107,0,110,4
BRDA:107,0,111,4
BRDA:107,0,112,0
BRDA:107,0,113,0
BRDA:107,0,114,0
BRDA:107,0,115,0
BRDA:107,0,116,0
BRDA:107,0,117,0
BRDA:107,0,118,0
BRDA:107,0,119,0
BRDA:107,0,120,2
BRDA:107,0,121,2
BRDA:107,0,122,1
BRDA:107,0,123,1
BRDA:107,0,124,1
BRDA:107,0,125,0
BRDA:107,0,126,0
BRDA:107,0,127,0
BRDA:107,0,128,0
BRDA:107,0,129,0
BRDA:107,0,130,0
BRDA:107,0,131,0
BRDA:107,0,132,0
BRDA:107,0,133,0
BRDA:107,0,134,0
BRDA:107,0,135,0
BRDA:107,0,136,0
BRDA:107,0,137,0
BRDA:107,0,138,0
BRDA:107,0,139,0
BRDA:107,0,140,0
BRDA:107,0,141,0
BRDA:107,0,142,0
BRDA:107,0,143,0
BRDA:107,0,144,0
BRDA:107,0,145,0
BRDA:107,0,146,0
BRDA:107,0,147,0
BRDA:107,0,148,0
BRDA:107,0,149,0
BRDA:107,0,150,0
BRDA:107,0,151,0
BRDA:107,0,152,0
BRDA:107,0,153,0
BRDA:107,0,154,0
BRDA:107,0,155,0
BRDA:107,0,156,0
BRDA:107,0,157,0
BRDA:107,0,158,0
BRDA:107,0,159,0
BRDA:107,0,160,0
BRDA:107,0,161,0
BRDA:107,0,162,0
BRDA:107,0,163,0
BRDA:107,0,164,0
BRDA:107,0,165,0
BRDA:107,0,166,0
BRDA:107,0,167,0
BRDA:107,0,168,0
BRDA:107,0,169,0
BRDA:107,0,170,0
BRDA:107,0,171,0
BRDA:107,0,172,0
BRDA:107,0,173,0
BRDA:107,0,174,0
BRDA:107,0,175,0
BRDA:107,0,176,0
BRDA:107,0,177,0
BRDA:107,0,178,0
BRDA:107,0,179,0
BRDA:107,0,180,0
BRDA:107,0,181,0
BRDA:107,0,182,0
BRDA:107,0,183,0
BRDA:107,0,184,0
BRDA:107,0,185,0
BRDA:107,0,186,0
BRDA:107,0,187,0
BRDA:107,0,188,0
BRDA:107,0,189,0
BRDA:107,0,190,0
BRDA:107,0,191,0
BRDA:107,0,192,0
BRDA:107,0,193,0
BRDA:107,0,194,0
BRDA:107,0,195,0
BRDA:107,0,196,0
BRDA:107,0,197,0
BRDA:107,0,198,0
BRDA:107,0,199,0
BRDA:107,0,200,0
BRDA:107,0,201,0
BRDA:107,0,202,0
BRDA:107,0,203,0
BRDA:107,0,204,0
BRDA:107,0,205,0
BRDA:107,0,206,0
BRDA:107,0,207,0
BRDA:107,0,208,0
BRDA:107,0,209,0
BRDA:107,0,210,0
BRDA:107,0,211,0
BRDA:107,0,212,0
BRDA:107,0,213,0
BRDA:107,0,214,0
BRDA:107,0,215,0
BRDA:107,0,216,0
BRDA:107,0,217,0
BRDA:107,0,218,0
BRDA:107,0,219,0
BRDA:107,0,220,0
BRDA:107,0,221,0
BRDA:107,0,222,0
BRDA:107,0,223,0
BRDA:107,0,224,0
BRDA:107,0,225,0
BRDA:107,0,226,0
BRDA:107,0,227,0
BRDA:107,0,228,0
BRDA:107,0,229,0
BRDA:107,0,230,0
BRDA:107,0,231,0
BRDA:107,0,232,0
BRDA:107,0,233,0
BRDA:107,0,234,0
BRDA:107,0,235,0
BRDA:107,0,236,0
BRDA:107,0,237,0
BRDA:107,0,238,4
BRDA:107,0,239,4
BRDA:107,0,240,0
BRDA:107,0,241,0
BRDA:107,0,242,0
BRDA:107,0,243,0
BRDA:107,0,244,0
BRDA:107,0,245,0
BRDA:107,0,246,0
BRDA:107,0,247,0
BRDA:107,0,248,2
BRDA:107,0,249,2
BRDA:107,0,250,1
BRDA:107,0,251,1
BRDA:107,0,252,1
BRDA:107,0,253,0
BRDA:107,0,254,0
BRDA:107,0,255,0
DA:108,4
BRDA:108,0,0,0
BRDA:108,0,1,0
BRDA:108,0,2,0
BRDA:108,0,3,0
BRDA:108,0,4,0
BRDA:108,0,5,0
BRDA:108,0,6,0
BRDA:108,0,7,0
BRDA:108,0,8,0
BRDA:108,0,9,0
BRDA:108,0,10,0
BRDA:108,0,11,0
BRDA:108,0,12,0
BRDA:108,0,13,0
BRDA:108,0,14,0
BRDA:108,0,15,0
BRDA:108,0,16,0
BRDA:108,0,17,0
BRDA:108,0,18,0
BRDA:108,0,19,0
BRDA:108,0,20,0
BRDA:108,0,21,0
BRDA:108,0,22,0
BRDA:108,0,23,0
BRDA:108,0,24,0
BRDA:108,0,25,0
BRDA:108,0,26,0
BRDA:108,0,27,0
BRDA:108,0,28,0
BRDA:108,0,29,0
BRDA:108,0,30,0
BRDA:108,0,31,0
BRDA:108,0,32,0
BRDA:108,0,33,0
BRDA:108,0,34,0
BRDA:108,0,35,0
BRDA:108,0,36,0
BRDA:108,0,37,0
BRDA:108,0,38,0
BRDA:108,0,39,0
BRDA:108,0,40,0
BRDA:108,0,41,0
BRDA:108,0,42,0
BRDA:108,0,43,0
BRDA:108,0,44,0
BRDA:108,0,45,0
BRDA:108,0,46,0
BRDA:108,0,47,0
BRDA:108,0,48,0
BRDA:108,0,49,0
BRDA:108,0,50,0
BRDA:108,0,51,0
BRDA:108,0,52,0
BRDA:108,0,53,0
BRDA:108,0,54,0
BRDA:108,0,55,0
BRDA:108,0,56,0
BRDA:108,0,57,0
BRDA:108,0,58,0
BRDA:108,0,59,0
BRDA:108,0,60,0
BRDA:108,0,61,0
BRDA:108,0,62,0
BRDA:108,0,63,0
BRDA:108,0,64,0
BRDA:108,0,65,0
BRDA:108,0,66,0
BRDA:108,0,67,0
BRDA:108,0,68,0
BRDA:108,0,69,0
BRDA:108,0,70,0
BRDA:108,0,71,0
BRDA:108,0,72,0
BRDA:108,0,73,0
BRDA:108,0,74,0
BRDA:108,0,75,0
BRDA:108,0,76,0
BRDA:108,0,77,0
BRDA:108,0,78,0
BRDA:108,0,79,0
BRDA:108,0,80,0
BRDA:108,0,81,0
BRDA:108,0,82,0
BRDA:108,0,83,0
BRDA:108,0,84,0
BRDA:108,0,85,0
BRDA:108,0,86,0
BRDA:108,0,87,0
BRDA:108,0,88,0
BRDA:108,0,89,0
BRDA:108,0,90,0
BRDA:108,0,91,0
BRDA:108,0,92,0
BRDA:108,0,93,0
BRDA:108,0,94,0
BRDA:108,0,95,0
BRDA:108,0,96,0
BRDA:108,0,97,0
BRDA:108,0,98,0
BRDA:108,0,99,0
BRDA:108,0,100,0
BRDA:108,0,101,0
BRDA:108,0,102,0
BRDA:108,0,103,0
BRDA:108,0,104,0
BRDA:108,0,105,0
BRDA:108,0,106,0
BRDA:108,0,107,0
BRDA:108,0,108,0
BRDA:108,0,109,0
BRDA:108,0,110,4
BRDA:108,0,111,4
BRDA:108,0,112,0
BRDA:108,0,113,0
BRDA:108,0,114,0
BRDA:108,0,115,0
BRDA:108,0,116,0
BRDA:108,0,117,0
BRDA:108,0,118,0
BRDA:108,0,119,0
BRDA:108,0,120,2
BRDA:108,0,121,2
BRDA:108,0,122,1
BRDA:108,0,123,1
BRDA:108,0,124,1
BRDA:108,0,125,0
BRDA:108,0,126,0
BRDA:108,0,127,0
DA:110,0
BRDA:110,0,0,0
BRDA:110,0,1,0
BRDA:110,0,2,0
BRDA:110,0,3,0
BRDA:110,0,4,0
BRDA:110,0,5,0
BRDA:110,0,6,0
BRDA:110,0,7,0
BRDA:110,0,8,0
BRDA:110,0,9,0
BRDA:110,0,10,0
BRDA:110,0,11,0
BRDA:110,0,12,0
BRDA:110,0,13,0
BRDA:110,0,14,0
BRDA:110,0,15,0
BRDA:110,0,16,0
BRDA:110,0,17,0
BRDA:110,0,18,0
BRDA:110,0,19,0
BRDA:110,0,20,0
BRDA:110,0,21,0
BRDA:110,0,22,0
BRDA:110,0,23,0
BRDA:110,0,24,0
BRDA:110,0,25,0
BRDA:110,0,26,0
BRDA:110,0,27,0
BRDA:110,0,28,0
BRDA:110,0,29,0
BRDA:110,0,30,0
BRDA:110,0,31,0
BRDA:110,0,32,0
BRDA:110,0,33,0
BRDA:110,0,34,0
BRDA:110,0,35,0
BRDA:110,0,36,0
BRDA:110,0,37,0
BRDA:110,0,38,0
BRDA:110,0,39,0
BRDA:110,0,40,0
BRDA:110,0,41,0
BRDA:110,0,42,0
BRDA:110,0,43,0
BRDA:110,0,44,0
BRDA:110,0,45,0
BRDA:110,0,46,0
BRDA:110,0,47,0
BRDA:110,0,48,0
BRDA:110,0,49,0
BRDA:110,0,50,0
BRDA:110,0,51,0
BRDA:110,0,52,0
BRDA:110,0,53,0
BRDA:110,0,54,0
BRDA:110,0,55,0
BRDA:110,0,56,0
BRDA:110,0,57,0
BRDA:110,0,58,0
BRDA:110,0,59,0
BRDA:110,0,60,0
BRDA:110,0,61,0
BRDA:110,0,62,0
BRDA:110,0,63,0
DA:111,0
BRDA:111,0,0,0
BRDA:111,0,1,0
DA:112,1
BRDA:112,0,0,1
BRDA:112,0,1,1
DA:113,0
BRDA:113,0,0,0
BRDA:113,0,1,0
DA:116,0
BRDA:116,0,0,0
BRDA:116,0,1,0
BRDA:116,0,2,0
BRDA:116,0,3,0
BRDA:116,0,4,0
BRDA:116,0,5,0
BRDA:116,0,6,0
BRDA:116,0,7,0
BRDA:116,0,8,0
BRDA:116,0,9,0
BRDA:116,0,10,0
BRDA:116,0,11,0
BRDA:116,0,12,0
BRDA:116,0,13,0
BRDA:116,0,14,0
BRDA:116,0,15,0
DA:118,1
BRDA:118,0,0,1
BRDA:118,0,1,0
BRDA:118,0,2,0
BRDA:118,0,3,0
BRDA:118,0,4,0
BRDA:118,0,5,0
BRDA:118,0,6,1
BRDA:118,0,7,1
BRDA:118,0,8,1
BRDA:118,0,9,0
BRDA:118,0,10,0
BRDA:118,0,11,0
BRDA:118,0,12,0
BRDA:118,0,13,0
BRDA:118,0,14,1
BRDA:118,0,15,1
DA:120,1
BRDA:120,0,0,1
BRDA:120,0,1,0
BRDA:120,0,2,0
BRDA:120,0,3,0
BRDA:120,0,4,0
BRDA:120,0,5,0
BRDA:120,0,6,1
BRDA:120,0,7,1
BRDA:120,0,8,1
BRDA:120,0,9,0
BRDA:120,0,10,0
BRDA:120,0,11,0
BRDA:120,0,12,0
BRDA:120,0,13,0
BRDA:120,0,14,1
BRDA:120,0,15,1
DA:121,0
BRDA:121,0,0,0
BRDA:121,0,1,0
BRDA:121,0,2,0
BRDA:121,0,3,0
BRDA:121,0,4,0
BRDA:121,0,5,0
BRDA:121,0,6,0
BRDA:121,0,7,0
BRDA:121,0,8,0
BRDA:121,0,9,0
BRDA:121,0,10,0
BRDA:121,0,11,0
BRDA:121,0,12,0
BRDA:121,0,13,0
BRDA:121,0,14,0
BRDA:121,0,15,0
BRDA:121,0,16,0
BRDA:121,0,17,0
BRDA:121,0,18,0
BRDA:121,0,19,0
BRDA:121,0,20,0
BRDA:121,0,21,0
BRDA:121,0,22,0
BRDA:121,0,23,0
BRDA:121,0,24,0
BRDA:121,0,25,0
BRDA:121,0,26,0
BRDA:121,0,27,0
BRDA:121,0,28,0
BRDA:121,0,29,0
BRDA:121,0,30,0
BRDA:121,0,31,0
DA:123,1
BRDA:123,0,0,1
BRDA:123,0,1,0
BRDA:123,0,2,0
BRDA:123,0,3,0
BRDA:123,0,4,0
BRDA:123,0,5,0
BRDA:123,0,6,1
BRDA:123,0,7,1
BRDA:123,0,8,1
BRDA:123,0,9,0
BRDA:123,0,10,0
BRDA:123,0,11,0
BRDA:123,0,12,1
BRDA:123,0,13,0
BRDA:123,0,14,0
BRDA:123,0,15,0
BRDA:123,0,16,1
BRDA:123,0,17,0
BRDA:123,0,18,0
BRDA:123,0,19,0
BRDA:123,0,20,1
BRDA:123,0,21,0
BRDA:123,0,22,0
BRDA:123,0,23,0
BRDA:123,0,24,1
BRDA:123,0,25,0
BRDA:123,0,26,0
BRDA:123,0,27,0
BRDA:123,0,28,0
BRDA:123,0,29,0
BRDA:123,0,30,0
BRDA:123,0,31,0
BRDA:123,0,32,1
BRDA:123,0,33,1
BRDA:123,0,34,1
BRDA:123,0,35,0
BRDA:123,0,36,0
BRDA:123,0,37,0
BRDA:123,0,38,1
BRDA:123,0,39,0
BRDA:123,0,40,1
BRDA:123,0,41,0
BRDA:123,0,42,1
BRDA:123,0,43,0
DA:124,1
BRDA:124,0,0,1
BRDA:124,0,1,1
DA:125,1
BRDA:125,0,0,1
BRDA:125,0,1,1
DA:127,2
BRDA:127,0,0,2
BRDA:127,0,1,1
DA:128,2
BRDA:128,0,0,2
BRDA:128,0,1,1
DA:129,1
BRDA:129,0,0,1
BRDA:129,0,1,1
DA:130,2
BRDA:130,0,0,2
BRDA:130,0,1,1
DA:147,1
BRDA:147,0,0,1
BRDA:147,0,1,1
BRDA:147,0,2,0
BRDA:147,0,3,0
BRDA:147,0,4,1
BRDA:147,0,5,1
BRDA:147,0,6,0
BRDA:147,0,7,0
DA:149,178
DA:150,178
DA:151,178
DA:153,178
DA:154,103
DA:155,103
DA:156,1
DA:158,1
DA:159,102
BRDA:159,0,0,0
BRDA:159,0,1,102
DA:161,0
DA:165,75
DA:166,74
BRDA:166,0,0,74
BRDA:166,0,1,1
DA:167,1
DA:168,1
DA:172,0
DA:173,0
BRDA:173,0,0,0
BRDA:173,0,1,0
DA:176,0
DA:180,0
DA:181,0
BRDA:181,0,0,0
BRDA:181,0,1,0
BRDA:181,0,2,0
BRDA:181,0,3,0
DA:182,0
BRDA:182,0,0,0
BRDA:182,0,1,0
DA:183,0
DA:184,0
DA:185,0
DA:186,0
DA:187,0
DA:188,0
DA:193,0
DA:197,142
DA:198,132
BRDA:198,0,0,10
BRDA:198,0,1,132
BRDA:198,0,2,10
BRDA:198,0,3,132
DA:199,10
DA:200,132
DA:201,132
DA:205,142
DA:206,132
BRDA:206,0,0,10
BRDA:206,0,1,132
BRDA:206,0,2,10
BRDA:206,0,3,132
DA:207,132
DA:214,143
DA:215,143
DA:216,0
DA:217,0
DA:218,106
BRDA:218,0,0,37
BRDA:218,0,1,106
BRDA:218,0,2,37
BRDA:218,0,3,106
DA:220,1184
BRDA:220,0,0,37
BRDA:220,0,1,1184
DA:221,1183
BRDA:221,0,0,1183
BRDA:221,0,1,1
DA:223,1
DA:229,142
DA:230,132
BRDA:230,0,0,10
BRDA:230,0,1,132
BRDA:230,0,2,10
BRDA:230,0,3,132
DA:231,132
DA:239,143
DA:242,143
DA:243,143
DA:245,143
DA:247,1144
BRDA:247,0,0,143
BRDA:247,0,1,1144
DA:251,1016
DA:253,1016
DA:254,1016
DA:255,128
BRDA:255,0,0,0
BRDA:255,0,1,128
BRDA:255,0,2,128
BRDA:255,0,3,0
BRDA:255,0,4,0
DA:257,0
BRDA:257,0,0,0
BRDA:257,0,1,0
BRDA:257,0,2,0
BRDA:257,0,3,0
DA:258,0
BRDA:258,0,0,0
BRDA:258,0,1,0
DA:259,0
DA:260,0
BRDA:260,0,0,0
BRDA:260,0,1,0
BRDA:260,0,2,0
BRDA:260,0,3,0
DA:261,0
BRDA:261,0,0,0
BRDA:261,0,1,0
DA:262,0
DA:263,0
BRDA:263,0,0,0
BRDA:263,0,1,0
BRDA:263,0,2,0
BRDA:263,0,3,0
DA:267,992
DA:268,992
DA:272,992
DA:273,152
BRDA:273,0,0,0
BRDA:273,0,1,152
BRDA:273,0,2,152
BRDA:273,0,3,0
BRDA:273,0,4,0
DA:277,0
DA:278,0
DA:279,152
DA:281,152
DA:282,152
DA:287,1
BRDA:287,0,0,1
BRDA:287,0,1,0
DA:297,143
DA:298,143
DA:300,143
DA:301,127
DA:302,0
DA:303,0
DA:307,16
DA:312,142
BRDA:312,0,0,142
BRDA:312,0,1,1
BRDA:312,0,2,1
BRDA:312,0,3,142
DA:314,142
DA:315,132
BRDA:315,0,0,10
BRDA:315,0,1,132
BRDA:315,0,2,10
BRDA:315,0,3,132
DA:316,132
DA:320,143
DA:321,143
DA:323,143
DA:324,0
DA:325,127
DA:326,0
DA:327,0
DA:328,0
DA:332,16
DA:348,141
BRDA:348,0,0,141
BRDA:348,0,1,1
BRDA:348,0,2,107
DA:349,141
BRDA:349,0,0,141
BRDA:349,0,1,0
BRDA:349,0,2,113
DA:350,141
BRDA:350,0,0,141
BRDA:350,0,1,0
BRDA:350,0,2,113
DA:351,141
BRDA:351,0,0,141
BRDA:351,0,1,1
BRDA:351,0,2,106
DA:360,142
BRDA:360,0,0,106
BRDA:360,0,1,16
BRDA:360,0,2,142
BRDA:360,0,3,1
BRDA:360,0,4,16
DA:361,143
BRDA:361,0,0,106
BRDA:361,0,1,16
BRDA:361,0,2,143
BRDA:361,0,3,0
BRDA:361,0,4,16
DA:362,142
BRDA:362,0,0,37
BRDA:362,0,1,16
BRDA:362,0,2,142
BRDA:362,0,3,1
BRDA:362,0,4,16
DA:363,142
BRDA:363,0,0,0
BRDA:363,0,1,142
BRDA:363,0,2,1
DA:365,142
DA:366,132
BRDA:366,0,0,10
BRDA:366,0,1,10
BRDA:366,0,2,132
DA:367,10
DA:368,1
DA:369,1
DA:370,130
BRDA:370,0,0,1
BRDA:370,0,1,130
BRDA:370,0,2,130
BRDA:370,0,3,1
BRDA:370,0,4,0
DA:371,1
DA:375,142
DA:376,132
BRDA:376,0,0,10
BRDA:376,0,1,10
BRDA:376,0,2,132
DA:377,10
DA:378,10
DA:379,10
DA:380,10
DA:382,10
DA:383,10
DA:384,10
DA:386,10
DA:387,10
DA:388,10
DA:390,10
DA:391,10
DA:392,10
DA:394,10
DA:395,10
DA:396,10
DA:398,10
DA:399,10
DA:400,10
DA:403,10
DA:404,10
DA:408,131
BRDA:408,0,0,1
BRDA:408,0,1,131
BRDA:408,0,2,1
BRDA:408,0,3,106
BRDA:408,0,4,131
DA:409,1
DA:414,142
DA:415,132
BRDA:415,0,0,10
BRDA:415,0,1,10
BRDA:415,0,2,132
DA:416,10
DA:417,1
DA:418,1
DA:419,130
BRDA:419,0,0,1
BRDA:419,0,1,130
DA:420,1
DA:461,1
BRDA:461,0,0,1
BRDA:461,0,1,0
BRDA:461,0,2,0
BRDA:461,0,3,0
DA:462,9
BRDA:462,0,0,9
BRDA:462,0,1,8
BRDA:462,0,2,8
BRDA:462,0,3,8
DA:463,0
BRDA:463,0,0,0
BRDA:463,0,1,0
BRDA:463,0,2,0
BRDA:463,0,3,0
DA:464,0
BRDA:464,0,0,0
BRDA:464,0,1,0
BRDA:464,0,2,0
BRDA:464,0,3,0
DA:465,154
BRDA:465,0,0,154
BRDA:465,0,1,38
BRDA:465,0,2,24
DA:466,143
BRDA:466,0,0,143
BRDA:466,0,1,0
BRDA:466,0,2,0
DA:475,176
BRDA:475,0,0,0
BRDA:475,0,1,1
BRDA:475,0,2,176
BRDA:475,0,3,1
BRDA:475,0,4,0
BRDA:475,0,5,2
BRDA:475,0,6,176
DA:476,152
BRDA:476,0,0,24
BRDA:476,0,1,152
DA:477,152
BRDA:477,0,0,0
BRDA:477,0,1,152
DA:481,143
BRDA:481,0,0,143
BRDA:481,0,1,112
BRDA:481,0,2,0
DA:483,178
BRDA:483,0,0,0
BRDA:483,0,1,178
BRDA:483,0,2,178
BRDA:483,0,3,0
DA:485,142
DA:486,132
BRDA:486,0,0,10
BRDA:486,0,1,132
BRDA:486,0,2,10
BRDA:486,0,3,132
DA:487,10
DA:488,10
DA:489,10
DA:490,132
DA:491,132
DA:492,132
DA:493,132
DA:531,170
BRDA:531,0,0,0
BRDA:531,0,1,170
BRDA:531,0,2,8
BRDA:531,0,3,0
DA:536,0
BRDA:536,0,0,0
BRDA:536,0,1,0
DA:541,8
BRDA:541,0,0,8
BRDA:541,0,1,8
BRDA:541,0,2,0
BRDA:541,0,3,0
BRDA:541,0,4,0
BRDA:541,0,5,0
BRDA:541,0,6,0
BRDA:541,0,7,0
BRDA:541,0,8,8
BRDA:541,0,9,8
BRDA:541,0,10,8
BRDA:541,0,11,8
BRDA:541,0,12,0
BRDA:541,0,13,0
BRDA:541,0,14,8
BRDA:541,0,15,8
BRDA:541,0,16,0
BRDA:541,0,17,0
BRDA:541,0,18,0
BRDA:541,0,19,0
BRDA:541,0,20,0
BRDA:541,0,21,0
BRDA:541,0,22,0
BRDA:541,0,23,0
BRDA:541,0,24,0
BRDA:541,0,25,0
BRDA:541,0,26,8
BRDA:541,0,27,8
BRDA:541,0,28,8
BRDA:541,0,29,8
BRDA:541,0,30,0
BRDA:541,0,31,0
BRDA:541,0,32,8
BRDA:541,0,33,8
BRDA:541,0,34,0
BRDA:541,0,35,0
BRDA:541,0,36,0
BRDA:541,0,37,0
BRDA:541,0,38,0
BRDA:541,0,39,0
BRDA:541,0,40,0
BRDA:541,0,41,0
BRDA:541,0,42,8
BRDA:541,0,43,8
BRDA:541,0,44,0
BRDA:541,0,45,0
BRDA:541,0,46,8
BRDA:541,0,47,8
BRDA:541,0,48,0
BRDA:541,0,49,0
BRDA:541,0,50,0
BRDA:541,0,51,0
BRDA:541,0,52,0
BRDA:541,0,53,0
BRDA:541,0,54,8
BRDA:541,0,55,8
BRDA:541,0,56,8
BRDA:541,0,57,8
BRDA:541,0,58,0
BRDA:541,0,59,0
BRDA:541,0,60,8
BRDA:541,0,61,8
BRDA:541,0,62,0
BRDA:541,0,63,0
BRDA:541,0,64,8
BRDA:541,0,65,8
BRDA:541,0,66,8
BRDA:541,0,67,8
BRDA:541,0,68,8
BRDA:541,0,69,8
BRDA:541,0,70,8
BRDA:541,0,71,8
DA:545,154
BRDA:545,0,0,154
BRDA:545,0,1,24
DA:546,178
BRDA:546,0,0,10
BRDA:546,0,1,178
BRDA:546,0,2,0
BRDA:546,0,3,0
BRDA:546,0,4,178
DA:548,0
BRDA:548,0,0,0
BRDA:548,0,1,0
DA:549,178
DA:551,178
DA:552,178
DA:554,178
BRDA:554,0,0,0
BRDA:554,0,1,178
DA:555,0
DA:556,0
DA:558,0
DA:559,0
BRDA:559,0,0,0
BRDA:559,0,1,0
BRDA:559,0,2,0
BRDA:559,0,3,0
BRDA:559,0,4,0
DA:561,0
BRDA:561,0,0,0
BRDA:561,0,1,0
BRDA:561,0,2,0
DA:562,0
DA:626,8
BRDA:626,0,0,8
BRDA:626,0,1,8
DA:628,170
BRDA:628,0,0,0
BRDA:628,0,1,115
BRDA:628,0,2,170
BRDA:628,0,3,8
BRDA:628,0,4,170
DA:630,8
BRDA:630,0,0,0
BRDA:630,0,1,0
BRDA:630,0,2,0
BRDA:630,0,3,0
BRDA:630,0,4,0
BRDA:630,0,5,0
BRDA:630,0,6,0
BRDA:630,0,7,0
BRDA:630,0,8,0
BRDA:630,0,9,0
BRDA:630,0,10,8
BRDA:630,0,11,8
DA:632,1
DA:633,1
DA:634,32
BRDA:634,0,0,1
BRDA:634,0,1,32
DA:635,32
DA:640,142
DA:641,132
BRDA:641,0,0,10
BRDA:641,0,1,132
BRDA:641,0,2,10
BRDA:641,0,3,132
DA:642,132
DA:645,178
DA:646,178
DA:647,138
BRDA:647,0,0,40
BRDA:647,0,1,138
BRDA:647,0,2,40
BRDA:647,0,3,138
DA:648,40
BRDA:648,0,0,0
BRDA:648,0,1,40
DA:649,0
DA:651,40
BRDA:651,0,0,0
BRDA:651,0,1,40
DA:652,0
DA:656,1
DA:657,1
DA:658,169
BRDA:658,0,0,8
BRDA:658,0,1,169
BRDA:658,0,2,169
BRDA:658,0,3,8
BRDA:658,0,4,0
BRDA:658,0,5,19
DA:659,8
DA:763,6
BRDA:763,0,0,0
BRDA:763,0,1,0
BRDA:763,0,2,6
BRDA:763,0,3,6
DA:783,143
BRDA:783,0,0,143
BRDA:783,0,1,107
BRDA:783,0,2,0
DA:807,0
BRDA:807,0,0,0
BRDA:807,0,1,0
BRDA:807,0,2,0
BRDA:807,0,3,0
DA:808,0
BRDA:808,0,0,0
BRDA:808,0,1,0
DA:809,0
BRDA:809,0,0,0
BRDA:809,0,1,0
DA:811,142
BRDA:811,0,0,0
BRDA:811,0,1,142
BRDA:811,0,2,0
BRDA:811,0,3,127
DA:812,142
BRDA:812,0,0,37
BRDA:812,0,1,0
BRDA:812,0,2,142
BRDA:812,0,3,0
DA:813,135
BRDA:813,0,0,31
BRDA:813,0,1,135
BRDA:813,0,2,0
DA:819,127
BRDA:819,0,0,0
BRDA:819,0,1,127
BRDA:819,0,2,127
BRDA:819,0,3,0
BRDA:819,0,4,127
BRDA:819,0,5,127
BRDA:819,0,6,16
BRDA:819,0,7,0
BRDA:819,0,8,0
DA:823,142
BRDA:823,0,0,127
BRDA:823,0,1,0
BRDA:823,0,2,142
BRDA:823,0,3,0
DA:825,143
DA:826,143
DA:827,106
BRDA:827,0,0,106
BRDA:827,0,1,37
DA:828,3392
BRDA:828,0,0,106
BRDA:828,0,1,3392
DA:829,3392
BRDA:829,0,0,3392
BRDA:829,0,1,0
DA:830,0
BRDA:830,0,0,0
BRDA:830,0,1,0
BRDA:830,0,2,0
BRDA:830,0,3,0
DA:833,37
DA:834,37
DA:842,143
BRDA:842,0,0,143
BRDA:842,0,1,0
BRDA:842,0,2,0
BRDA:842,0,3,0
BRDA:842,0,4,0
BRDA:842,0,5,0
BRDA:842,0,6,0
DA:846,143
DA:848,143
DA:850,143
DA:851,0
DA:852,0
DA:856,0
DA:857,0
DA:860,0
DA:861,0
DA:864,0
DA:865,0
DA:868,0
DA:869,0
DA:872,143
DA:873,143
DA:892,139
BRDA:892,0,0,24
BRDA:892,0,1,1
BRDA:892,0,2,39
BRDA:892,0,3,24
BRDA:892,0,4,139
DA:894,2
BRDA:894,0,0,2
BRDA:894,0,1,2
BRDA:894,0,2,2
BRDA:894,0,3,1
BRDA:894,0,4,2
BRDA:894,0,5,1
BRDA:894,0,6,2
BRDA:894,0,7,2
BRDA:894,0,8,1
BRDA:894,0,9,1
BRDA:894,0,10,2
BRDA:894,0,11,1
BRDA:894,0,12,2
BRDA:894,0,13,1
BRDA:894,0,14,1
BRDA:894,0,15,1
DA:896,142
DA:897,132
BRDA:897,0,0,10
BRDA:897,0,1,132
BRDA:897,0,2,10
BRDA:897,0,3,132
DA:898,10
DA:899,132
DA:900,132
BRF:2560
BRH:193
end_of_record
SF:hw/ip/hmac/rtl/hmac_core.sv
DA:8,142
BRDA:8,0,0,142
BRDA:8,0,1,141
DA:9,1
BRDA:9,0,0,1
BRDA:9,0,1,0
DA:12,0
BRDA:12,0,0,0
BRDA:12,0,1,0
DA:13,1
BRDA:13,0,0,1
BRDA:13,0,1,0
BRDA:13,0,2,0
BRDA:13,0,3,0
BRDA:13,0,4,0
BRDA:13,0,5,0
BRDA:13,0,6,1
BRDA:13,0,7,1
DA:14,1
BRDA:14,0,0,0
BRDA:14,0,1,0
BRDA:14,0,2,1
BRDA:14,0,3,0
BRDA:14,0,4,0
BRDA:14,0,5,0
BRDA:14,0,6,0
BRDA:14,0,7,0
BRDA:14,0,8,0
BRDA:14,0,9,0
BRDA:14,0,10,1
BRDA:14,0,11,1
DA:16,1
BRDA:16,0,0,1
BRDA:16,0,1,1
DA:17,0
BRDA:17,0,0,0
BRDA:17,0,1,0
DA:18,0
BRDA:18,0,0,0
BRDA:18,0,1,0
DA:19,1
BRDA:19,0,0,1
BRDA:19,0,1,1
DA:20,1
BRDA:20,0,0,1
BRDA:20,0,1,1
DA:21,1
BRDA:21,0,0,1
BRDA:21,0,1,1
DA:22,0
BRDA:22,0,0,0
BRDA:22,0,1,0
DA:23,1
BRDA:23,0,0,1
BRDA:23,0,1,1
DA:24,1
BRDA:24,0,0,1
BRDA:24,0,1,1
DA:27,9
BRDA:27,0,0,9
BRDA:27,0,1,9
DA:28,8
BRDA:28,0,0,8
BRDA:28,0,1,8
BRDA:28,0,2,0
BRDA:28,0,3,0
BRDA:28,0,4,0
BRDA:28,0,5,0
BRDA:28,0,6,0
BRDA:28,0,7,0
BRDA:28,0,8,8
BRDA:28,0,9,8
BRDA:28,0,10,8
BRDA:28,0,11,8
BRDA:28,0,12,0
BRDA:28,0,13,0
BRDA:28,0,14,8
BRDA:28,0,15,8
BRDA:28,0,16,0
BRDA:28,0,17,0
BRDA:28,0,18,0
BRDA:28,0,19,0
BRDA:28,0,20,0
BRDA:28,0,21,0
BRDA:28,0,22,0
BRDA:28,0,23,0
BRDA:28,0,24,0
BRDA:28,0,25,0
BRDA:28,0,26,8
BRDA:28,0,27,8
BRDA:28,0,28,8
BRDA:28,0,29,8
BRDA:28,0,30,0
BRDA:28,0,31,0
BRDA:28,0,32,8
BRDA:28,0,33,8
BRDA:28,0,34,0
BRDA:28,0,35,0
BRDA:28,0,36,0
BRDA:28,0,37,0
BRDA:28,0,38,0
BRDA:28,0,39,0
BRDA:28,0,40,0
BRDA:28,0,41,0
BRDA:28,0,42,8
BRDA:28,0,43,8
BRDA:28,0,44,0
BRDA:28,0,45,0
BRDA:28,0,46,8
BRDA:28,0,47,8
BRDA:28,0,48,0
BRDA:28,0,49,0
BRDA:28,0,50,0
BRDA:28,0,51,0
BRDA:28,0,52,0
BRDA:28,0,53,0
BRDA:28,0,54,8
BRDA:28,0,55,8
BRDA:28,0,56,8
BRDA:28,0,57,8
BRDA:28,0,58,0
BRDA:28,0,59,0
BRDA:28,0,60,8
BRDA:28,0,61,8
BRDA:28,0,62,0
BRDA:28,0,63,0
BRDA:28,0,64,8
BRDA:28,0,65,8
BRDA:28,0,66,8
BRDA:28,0,67,8
BRDA:28,0,68,8
BRDA:28,0,69,8
BRDA:28,0,70,8
BRDA:28,0,71,8
DA:29,8
BRDA:29,0,0,8
BRDA:29,0,1,8
DA:31,8
BRDA:31,0,0,8
BRDA:31,0,1,8
DA:32,8
BRDA:32,0,0,8
BRDA:32,0,1,8
BRDA:32,0,2,0
BRDA:32,0,3,0
BRDA:32,0,4,0
BRDA:32,0,5,0
BRDA:32,0,6,0
BRDA:32,0,7,0
BRDA:32,0,8,8
BRDA:32,0,9,8
BRDA:32,0,10,8
BRDA:32,0,11,8
BRDA:32,0,12,0
BRDA:32,0,13,0
BRDA:32,0,14,8
BRDA:32,0,15,8
BRDA:32,0,16,0
BRDA:32,0,17,0
BRDA:32,0,18,0
BRDA:32,0,19,0
BRDA:32,0,20,0
BRDA:32,0,21,0
BRDA:32,0,22,0
BRDA:32,0,23,0
BRDA:32,0,24,0
BRDA:32,0,25,0
BRDA:32,0,26,8
BRDA:32,0,27,8
BRDA:32,0,28,8
BRDA:32,0,29,8
BRDA:32,0,30,0
BRDA:32,0,31,0
BRDA:32,0,32,8
BRDA:32,0,33,8
BRDA:32,0,34,0
BRDA:32,0,35,0
BRDA:32,0,36,0
BRDA:32,0,37,0
BRDA:32,0,38,0
BRDA:32,0,39,0
BRDA:32,0,40,0
BRDA:32,0,41,0
BRDA:32,0,42,8
BRDA:32,0,43,8
BRDA:32,0,44,0
BRDA:32,0,45,0
BRDA:32,0,46,8
BRDA:32,0,47,8
BRDA:32,0,48,0
BRDA:32,0,49,0
BRDA:32,0,50,0
BRDA:32,0,51,0
BRDA:32,0,52,0
BRDA:32,0,53,0
BRDA:32,0,54,8
BRDA:32,0,55,8
BRDA:32,0,56,8
BRDA:32,0,57,8
BRDA:32,0,58,0
BRDA:32,0,59,0
BRDA:32,0,60,8
BRDA:32,0,61,8
BRDA:32,0,62,0
BRDA:32,0,63,0
BRDA:32,0,64,8
BRDA:32,0,65,8
BRDA:32,0,66,8
BRDA:32,0,67,8
BRDA:32,0,68,8
BRDA:32,0,69,8
BRDA:32,0,70,8
BRDA:32,0,71,8
DA:33,8
BRDA:33,0,0,8
BRDA:33,0,1,8
DA:36,0
BRDA:36,0,0,0
BRDA:36,0,1,0
DA:37,0
BRDA:37,0,0,0
BRDA:37,0,1,0
DA:39,0
BRDA:39,0,0,0
BRDA:39,0,1,0
BRDA:39,0,2,0
BRDA:39,0,3,0
BRDA:39,0,4,0
BRDA:39,0,5,0
BRDA:39,0,6,0
BRDA:39,0,7,0
DA:40,2
BRDA:40,0,0,2
BRDA:40,0,1,1
DA:42,4
BRDA:42,0,0,0
BRDA:42,0,1,0
BRDA:42,0,2,0
BRDA:42,0,3,0
BRDA:42,0,4,0
BRDA:42,0,5,0
BRDA:42,0,6,0
BRDA:42,0,7,0
BRDA:42,0,8,0
BRDA:42,0,9,0
BRDA:42,0,10,0
BRDA:42,0,11,0
BRDA:42,0,12,0
BRDA:42,0,13,0
BRDA:42,0,14,0
BRDA:42,0,15,0
BRDA:42,0,16,0
BRDA:42,0,17,0
BRDA:42,0,18,0
BRDA:42,0,19,0
BRDA:42,0,20,0
BRDA:42,0,21,0
BRDA:42,0,22,0
BRDA:42,0,23,0
BRDA:42,0,24,0
BRDA:42,0,25,0
BRDA:42,0,26,0
BRDA:42,0,27,0
BRDA:42,0,28,0
BRDA:42,0,29,0
BRDA:42,0,30,0
BRDA:42,0,31,0
BRDA:42,0,32,0
BRDA:42,0,33,0
BRDA:42,0,34,0
BRDA:42,0,35,0
BRDA:42,0,36,0
BRDA:42,0,37,0
BRDA:42,0,38,0
BRDA:42,0,39,0
BRDA:42,0,40,0
BRDA:42,0,41,0
BRDA:42,0,42,0
BRDA:42,0,43,0
BRDA:42,0,44,0
BRDA:42,0,45,0
BRDA:42,0,46,0
BRDA:42,0,47,0
BRDA:42,0,48,0
BRDA:42,0,49,0
BRDA:42,0,50,0
BRDA:42,0,51,0
BRDA:42,0,52,0
BRDA:42,0,53,0
BRDA:42,0,54,0
BRDA:42,0,55,0
BRDA:42,0,56,0
BRDA:42,0,57,0
BRDA:42,0,58,0
BRDA:42,0,59,0
BRDA:42,0,60,0
BRDA:42,0,61,0
BRDA:42,0,62,0
BRDA:42,0,63,0
BRDA:42,0,64,0
BRDA:42,0,65,0
BRDA:42,0,66,0
BRDA:42,0,67,0
BRDA:42,0,68,0
BRDA:42,0,69,0
BRDA:42,0,70,0
BRDA:42,0,71,0
BRDA:42,0,72,0
BRDA:42,0,73,0
BRDA:42,0,74,0
BRDA:42,0,75,0
BRDA:42,0,76,0
BRDA:42,0,77,0
BRDA:42,0,78,0
BRDA:42,0,79,0
BRDA:42,0,80,0
BRDA:42,0,81,0
BRDA:42,0,82,0
BRDA:42,0,83,0
BRDA:42,0,84,0
BRDA:42,0,85,0
BRDA:42,0,86,0
BRDA:42,0,87,0
BRDA:42,0,88,0
BRDA:42,0,89,0
BRDA:42,0,90,0
BRDA:42,0,91,0
BRDA:42,0,92,0
BRDA:42,0,93,0
BRDA:42,0,94,0
BRDA:42,0,95,0
BRDA:42,0,96,0
BRDA:42,0,97,0
BRDA:42,0,98,0
BRDA:42,0,99,0
BRDA:42,0,100,0
BRDA:42,0,101,0
BRDA:42,0,102,0
BRDA:42,0,103,0
BRDA:42,0,104,0
BRDA:42,0,105,0
BRDA:42,0,106,0
BRDA:42,0,107,0
BRDA:42,0,108,0
BRDA:42,0,109,0
BRDA:42,0,110,4
BRDA:42,0,111,4
BRDA:42,0,112,0
BRDA:42,0,113,0
BRDA:42,0,114,0
BRDA:42,0,115,0
BRDA:42,0,116,0
BRDA:42,0,117,0
BRDA:42,0,118,0
BRDA:42,0,119,0
BRDA:42,0,120,2
BRDA:42,0,121,2
BRDA:42,0,122,1
BRDA:42,0,123,1
BRDA:42,0,124,1
BRDA:42,0,125,0
BRDA:42,0,126,0
BRDA:42,0,127,0
DA:43,4
BRDA:43,0,0,0
BRDA:43,0,1,0
BRDA:43,0,2,0
BRDA:43,0,3,0
BRDA:43,0,4,0
BRDA:43,0,5,0
BRDA:43,0,6,0
BRDA:43,0,7,0
BRDA:43,0,8,0
BRDA:43,0,9,0
BRDA:43,0,10,0
BRDA:43,0,11,0
BRDA:43,0,12,0
BRDA:43,0,13,0
BRDA:43,0,14,0
BRDA:43,0,15,0
BRDA:43,0,16,0
BRDA:43,0,17,0
BRDA:43,0,18,0
BRDA:43,0,19,0
BRDA:43,0,20,0
BRDA:43,0,21,0
BRDA:43,0,22,0
BRDA:43,0,23,0
BRDA:43,0,24,0
BRDA:43,0,25,0
BRDA:43,0,26,0
BRDA:43,0,27,0
BRDA:43,0,28,0
BRDA:43,0,29,0
BRDA:43,0,30,0
BRDA:43,0,31,0
BRDA:43,0,32,0
BRDA:43,0,33,0
BRDA:43,0,34,0
BRDA:43,0,35,0
BRDA:43,0,36,0
BRDA:43,0,37,0
BRDA:43,0,38,0
BRDA:43,0,39,0
BRDA:43,0,40,0
BRDA:43,0,41,0
BRDA:43,0,42,0
BRDA:43,0,43,0
BRDA:43,0,44,0
BRDA:43,0,45,0
BRDA:43,0,46,0
BRDA:43,0,47,0
BRDA:43,0,48,0
BRDA:43,0,49,0
BRDA:43,0,50,0
BRDA:43,0,51,0
BRDA:43,0,52,0
BRDA:43,0,53,0
BRDA:43,0,54,0
BRDA:43,0,55,0
BRDA:43,0,56,0
BRDA:43,0,57,0
BRDA:43,0,58,0
BRDA:43,0,59,0
BRDA:43,0,60,0
BRDA:43,0,61,0
BRDA:43,0,62,0
BRDA:43,0,63,0
BRDA:43,0,64,0
BRDA:43,0,65,0
BRDA:43,0,66,0
BRDA:43,0,67,0
BRDA:43,0,68,0
BRDA:43,0,69,0
BRDA:43,0,70,0
BRDA:43,0,71,0
BRDA:43,0,72,0
BRDA:43,0,73,0
BRDA:43,0,74,0
BRDA:43,0,75,0
BRDA:43,0,76,0
BRDA:43,0,77,0
BRDA:43,0,78,0
BRDA:43,0,79,0
BRDA:43,0,80,0
BRDA:43,0,81,0
BRDA:43,0,82,0
BRDA:43,0,83,0
BRDA:43,0,84,0
BRDA:43,0,85,0
BRDA:43,0,86,0
BRDA:43,0,87,0
BRDA:43,0,88,0
BRDA:43,0,89,0
BRDA:43,0,90,0
BRDA:43,0,91,0
BRDA:43,0,92,0
BRDA:43,0,93,0
BRDA:43,0,94,0
BRDA:43,0,95,0
BRDA:43,0,96,0
BRDA:43,0,97,0
BRDA:43,0,98,0
BRDA:43,0,99,0
BRDA:43,0,100,0
BRDA:43,0,101,0
BRDA:43,0,102,0
BRDA:43,0,103,0
BRDA:43,0,104,0
BRDA:43,0,105,0
BRDA:43,0,106,0
BRDA:43,0,107,0
BRDA:43,0,108,0
BRDA:43,0,109,0
BRDA:43,0,110,4
BRDA:43,0,111,4
BRDA:43,0,112,0
BRDA:43,0,113,0
BRDA:43,0,114,0
BRDA:43,0,115,0
BRDA:43,0,116,0
BRDA:43,0,117,0
BRDA:43,0,118,0
BRDA:43,0,119,0
BRDA:43,0,120,2
BRDA:43,0,121,2
BRDA:43,0,122,1
BRDA:43,0,123,1
BRDA:43,0,124,1
BRDA:43,0,125,0
BRDA:43,0,126,0
BRDA:43,0,127,0
DA:45,2
BRDA:45,0,0,2
BRDA:45,0,1,1
DA:59,0
BRDA:59,0,0,0
BRDA:59,0,1,0
DA:60,0
BRDA:60,0,0,0
BRDA:60,0,1,0
DA:61,0
BRDA:61,0,0,0
BRDA:61,0,1,0
DA:62,0
BRDA:62,0,0,0
BRDA:62,0,1,0
DA:69,12
BRDA:69,0,0,0
BRDA:69,0,1,0
BRDA:69,0,2,0
BRDA:69,0,3,0
BRDA:69,0,4,0
BRDA:69,0,5,0
BRDA:69,0,6,0
BRDA:69,0,7,0
BRDA:69,0,8,0
BRDA:69,0,9,0
BRDA:69,0,10,0
BRDA:69,0,11,0
BRDA:69,0,12,0
BRDA:69,0,13,0
BRDA:69,0,14,0
BRDA:69,0,15,0
BRDA:69,0,16,0
BRDA:69,0,17,0
BRDA:69,0,18,0
BRDA:69,0,19,0
BRDA:69,0,20,0
BRDA:69,0,21,0
BRDA:69,0,22,0
BRDA:69,0,23,0
BRDA:69,0,24,0
BRDA:69,0,25,0
BRDA:69,0,26,0
BRDA:69,0,27,0
BRDA:69,0,28,0
BRDA:69,0,29,0
BRDA:69,0,30,0
BRDA:69,0,31,0
BRDA:69,0,32,0
BRDA:69,0,33,0
BRDA:69,0,34,0
BRDA:69,0,35,0
BRDA:69,0,36,0
BRDA:69,0,37,0
BRDA:69,0,38,0
BRDA:69,0,39,0
BRDA:69,0,40,0
BRDA:69,0,41,0
BRDA:69,0,42,0
BRDA:69,0,43,0
BRDA:69,0,44,0
BRDA:69,0,45,0
BRDA:69,0,46,0
BRDA:69,0,47,0
BRDA:69,0,48,0
BRDA:69,0,49,0
BRDA:69,0,50,0
BRDA:69,0,51,0
BRDA:69,0,52,0
BRDA:69,0,53,0
BRDA:69,0,54,0
BRDA:69,0,55,0
BRDA:69,0,56,0
BRDA:69,0,57,0
BRDA:69,0,58,0
BRDA:69,0,59,0
BRDA:69,0,60,0
BRDA:69,0,61,0
BRDA:69,0,62,0
BRDA:69,0,63,0
BRDA:69,0,64,0
BRDA:69,0,65,0
BRDA:69,0,66,0
BRDA:69,0,67,0
BRDA:69,0,68,0
BRDA:69,0,69,0
BRDA:69,0,70,0
BRDA:69,0,71,0
BRDA:69,0,72,0
BRDA:69,0,73,0
BRDA:69,0,74,0
BRDA:69,0,75,0
BRDA:69,0,76,0
BRDA:69,0,77,0
BRDA:69,0,78,0
BRDA:69,0,79,0
BRDA:69,0,80,0
BRDA:69,0,81,0
BRDA:69,0,82,0
BRDA:69,0,83,0
BRDA:69,0,84,0
BRDA:69,0,85,0
BRDA:69,0,86,0
BRDA:69,0,87,0
BRDA:69,0,88,0
BRDA:69,0,89,0
BRDA:69,0,90,0
BRDA:69,0,91,0
BRDA:69,0,92,0
BRDA:69,0,93,0
BRDA:69,0,94,0
BRDA:69,0,95,0
BRDA:69,0,96,0
BRDA:69,0,97,0
BRDA:69,0,98,0
BRDA:69,0,99,0
BRDA:69,0,100,0
BRDA:69,0,101,0
BRDA:69,0,102,0
BRDA:69,0,103,0
BRDA:69,0,104,0
BRDA:69,0,105,0
BRDA:69,0,106,0
BRDA:69,0,107,0
BRDA:69,0,108,0
BRDA:69,0,109,0
BRDA:69,0,110,4
BRDA:69,0,111,4
BRDA:69,0,112,0
BRDA:69,0,113,0
BRDA:69,0,114,0
BRDA:69,0,115,0
BRDA:69,0,116,0
BRDA:69,0,117,0
BRDA:69,0,118,0
BRDA:69,0,119,0
BRDA:69,0,120,2
BRDA:69,0,121,2
BRDA:69,0,122,1
BRDA:69,0,123,1
BRDA:69,0,124,1
BRDA:69,0,125,0
BRDA:69,0,126,0
BRDA:69,0,127,0
BRDA:69,0,128,0
BRDA:69,0,129,0
BRDA:69,0,130,0
BRDA:69,0,131,0
BRDA:69,0,132,0
BRDA:69,0,133,0
BRDA:69,0,134,0
BRDA:69,0,135,0
BRDA:69,0,136,0
BRDA:69,0,137,0
BRDA:69,0,138,0
BRDA:69,0,139,0
BRDA:69,0,140,0
BRDA:69,0,141,0
BRDA:69,0,142,0
BRDA:69,0,143,0
BRDA:69,0,144,0
BRDA:69,0,145,0
BRDA:69,0,146,0
BRDA:69,0,147,0
BRDA:69,0,148,0
BRDA:69,0,149,0
BRDA:69,0,150,0
BRDA:69,0,151,0
BRDA:69,0,152,0
BRDA:69,0,153,0
BRDA:69,0,154,0
BRDA:69,0,155,0
BRDA:69,0,156,0
BRDA:69,0,157,0
BRDA:69,0,158,0
BRDA:69,0,159,0
BRDA:69,0,160,0
BRDA:69,0,161,0
BRDA:69,0,162,0
BRDA:69,0,163,0
BRDA:69,0,164,0
BRDA:69,0,165,0
BRDA:69,0,166,0
BRDA:69,0,167,0
BRDA:69,0,168,0
BRDA:69,0,169,0
BRDA:69,0,170,0
BRDA:69,0,171,0
BRDA:69,0,172,0
BRDA:69,0,173,0
BRDA:69,0,174,0
BRDA:69,0,175,0
BRDA:69,0,176,0
BRDA:69,0,177,0
BRDA:69,0,178,0
BRDA:69,0,179,0
BRDA:69,0,180,0
BRDA:69,0,181,0
BRDA:69,0,182,0
BRDA:69,0,183,0
BRDA:69,0,184,0
BRDA:69,0,185,0
BRDA:69,0,186,0
BRDA:69,0,187,0
BRDA:69,0,188,0
BRDA:69,0,189,0
BRDA:69,0,190,0
BRDA:69,0,191,0
BRDA:69,0,192,0
BRDA:69,0,193,0
BRDA:69,0,194,0
BRDA:69,0,195,0
BRDA:69,0,196,0
BRDA:69,0,197,0
BRDA:69,0,198,0
BRDA:69,0,199,0
BRDA:69,0,200,0
BRDA:69,0,201,0
BRDA:69,0,202,0
BRDA:69,0,203,0
BRDA:69,0,204,0
BRDA:69,0,205,0
BRDA:69,0,206,0
BRDA:69,0,207,0
BRDA:69,0,208,0
BRDA:69,0,209,0
BRDA:69,0,210,0
BRDA:69,0,211,0
BRDA:69,0,212,0
BRDA:69,0,213,0
BRDA:69,0,214,0
BRDA:69,0,215,0
BRDA:69,0,216,0
BRDA:69,0,217,0
BRDA:69,0,218,0
BRDA:69,0,219,0
BRDA:69,0,220,0
BRDA:69,0,221,0
BRDA:69,0,222,0
BRDA:69,0,223,0
BRDA:69,0,224,0
BRDA:69,0,225,0
BRDA:69,0,226,0
BRDA:69,0,227,0
BRDA:69,0,228,0
BRDA:69,0,229,0
BRDA:69,0,230,0
BRDA:69,0,231,0
BRDA:69,0,232,0
BRDA:69,0,233,0
BRDA:69,0,234,0
BRDA:69,0,235,0
BRDA:69,0,236,0
BRDA:69,0,237,0
BRDA:69,0,238,12
BRDA:69,0,239,12
BRDA:69,0,240,0
BRDA:69,0,241,0
BRDA:69,0,242,0
BRDA:69,0,243,0
BRDA:69,0,244,0
BRDA:69,0,245,0
BRDA:69,0,246,0
BRDA:69,0,247,0
BRDA:69,0,248,6
BRDA:69,0,249,6
BRDA:69,0,250,3
BRDA:69,0,251,3
BRDA:69,0,252,2
BRDA:69,0,253,1
BRDA:69,0,254,0
BRDA:69,0,255,0
DA:71,4
BRDA:71,0,0,4
BRDA:71,0,1,4
BRDA:71,0,2,2
BRDA:71,0,3,2
BRDA:71,0,4,1
BRDA:71,0,5,1
BRDA:71,0,6,1
BRDA:71,0,7,0
BRDA:71,0,8,0
BRDA:71,0,9,0
DA:72,4
BRDA:72,0,0,4
BRDA:72,0,1,4
BRDA:72,0,2,2
BRDA:72,0,3,2
BRDA:72,0,4,1
BRDA:72,0,5,1
BRDA:72,0,6,1
BRDA:72,0,7,0
DA:73,8
BRDA:73,0,0,0
BRDA:73,0,1,0
BRDA:73,0,2,8
BRDA:73,0,3,8
BRDA:73,0,4,0
BRDA:73,0,5,0
DA:75,0
BRDA:75,0,0,0
BRDA:75,0,1,0
DA:77,2
BRDA:77,0,0,2
BRDA:77,0,1,1
BRDA:77,0,2,2
BRDA:77,0,3,1
DA:78,0
BRDA:78,0,0,0
BRDA:78,0,1,0
BRDA:78,0,2,0
BRDA:78,0,3,0
DA:86,1
BRDA:86,0,0,0
BRDA:86,0,1,0
BRDA:86,0,2,1
BRDA:86,0,3,0
DA:93,0
BRDA:93,0,0,0
BRDA:93,0,1,0
DA:100,1
BRDA:100,0,0,1
BRDA:100,0,1,0
DA:101,0
BRDA:101,0,0,0
BRDA:101,0,1,0
BRDA:101,0,2,0
BRDA:101,0,3,0
DA:113,0
BRDA:113,0,0,0
BRDA:113,0,1,0
BRDA:113,0,2,0
BRDA:113,0,3,0
BRDA:113,0,4,0
BRDA:113,0,5,0
BRDA:113,0,6,0
BRDA:113,0,7,0
BRDA:113,0,8,0
BRDA:113,0,9,0
BRDA:113,0,10,0
BRDA:113,0,11,0
DA:115,1
BRDA:115,0,0,1
BRDA:115,0,1,0
DA:116,0
BRDA:116,0,0,0
BRDA:116,0,1,0
DA:118,1
BRDA:118,0,0,1
BRDA:118,0,1,0
DA:120,178
BRDA:120,0,0,178
BRDA:120,0,1,0
BRDA:120,0,2,0
BRDA:120,0,3,178
DA:121,178
BRDA:121,0,0,178
BRDA:121,0,1,0
BRDA:121,0,2,0
BRDA:121,0,3,178
DA:123,178
BRDA:123,0,0,178
BRDA:123,0,1,0
BRDA:123,0,2,0
BRDA:123,0,3,178
DA:124,178
BRDA:124,0,0,178
BRDA:124,0,1,0
BRDA:124,0,2,0
BRDA:124,0,3,178
DA:130,143
DA:132,143
DA:133,143
DA:134,143
DA:135,143
DA:137,143
DA:138,0
DA:139,0
DA:140,0
DA:141,0
DA:142,0
DA:143,0
DA:144,0
DA:145,0
DA:146,0
DA:148,127
DA:149,127
DA:150,127
DA:151,127
DA:152,127
DA:153,127
DA:154,127
DA:155,127
DA:156,127
DA:158,0
DA:159,0
DA:160,0
DA:161,0
DA:162,0
DA:163,0
DA:164,0
DA:165,0
DA:166,0
DA:168,0
DA:169,0
DA:170,0
DA:171,0
DA:172,0
DA:173,0
DA:174,0
DA:176,0
DA:178,0
DA:179,0
DA:181,0
DA:182,0
DA:184,16
DA:189,186
BRDA:189,0,0,186
BRDA:189,0,1,0
BRDA:189,0,2,0
BRDA:189,0,3,186
DA:191,178
BRDA:191,0,0,178
BRDA:191,0,1,0
BRDA:191,0,2,178
BRDA:191,0,3,0
DA:193,178
BRDA:193,0,0,178
BRDA:193,0,1,0
BRDA:193,0,2,178
BRDA:193,0,3,0
DA:195,0
BRDA:195,0,0,0
BRDA:195,0,1,0
DA:197,0
BRDA:197,0,0,0
BRDA:197,0,1,0
DA:199,0
BRDA:199,0,0,0
BRDA:199,0,1,0
DA:201,0
BRDA:201,0,0,0
BRDA:201,0,1,0
DA:203,0
DA:205,4
BRDA:205,0,0,0
BRDA:205,0,1,0
BRDA:205,0,2,0
BRDA:205,0,3,0
BRDA:205,0,4,0
BRDA:205,0,5,0
BRDA:205,0,6,0
BRDA:205,0,7,0
BRDA:205,0,8,0
BRDA:205,0,9,0
BRDA:205,0,10,0
BRDA:205,0,11,0
BRDA:205,0,12,0
BRDA:205,0,13,0
BRDA:205,0,14,0
BRDA:205,0,15,0
BRDA:205,0,16,0
BRDA:205,0,17,0
BRDA:205,0,18,0
BRDA:205,0,19,0
BRDA:205,0,20,0
BRDA:205,0,21,0
BRDA:205,0,22,0
BRDA:205,0,23,0
BRDA:205,0,24,0
BRDA:205,0,25,0
BRDA:205,0,26,0
BRDA:205,0,27,0
BRDA:205,0,28,0
BRDA:205,0,29,0
BRDA:205,0,30,0
BRDA:205,0,31,0
BRDA:205,0,32,0
BRDA:205,0,33,0
BRDA:205,0,34,0
BRDA:205,0,35,0
BRDA:205,0,36,0
BRDA:205,0,37,0
BRDA:205,0,38,0
BRDA:205,0,39,0
BRDA:205,0,40,0
BRDA:205,0,41,0
BRDA:205,0,42,0
BRDA:205,0,43,0
BRDA:205,0,44,0
BRDA:205,0,45,0
BRDA:205,0,46,0
BRDA:205,0,47,0
BRDA:205,0,48,0
BRDA:205,0,49,0
BRDA:205,0,50,0
BRDA:205,0,51,0
BRDA:205,0,52,0
BRDA:205,0,53,0
BRDA:205,0,54,0
BRDA:205,0,55,0
BRDA:205,0,56,0
BRDA:205,0,57,0
BRDA:205,0,58,0
BRDA:205,0,59,0
BRDA:205,0,60,0
BRDA:205,0,61,0
BRDA:205,0,62,0
BRDA:205,0,63,0
BRDA:205,0,64,0
BRDA:205,0,65,0
BRDA:205,0,66,0
BRDA:205,0,67,0
BRDA:205,0,68,0
BRDA:205,0,69,0
BRDA:205,0,70,0
BRDA:205,0,71,0
BRDA:205,0,72,0
BRDA:205,0,73,0
BRDA:205,0,74,0
BRDA:205,0,75,0
BRDA:205,0,76,0
BRDA:205,0,77,0
BRDA:205,0,78,0
BRDA:205,0,79,0
BRDA:205,0,80,0
BRDA:205,0,81,0
BRDA:205,0,82,0
BRDA:205,0,83,0
BRDA:205,0,84,0
BRDA:205,0,85,0
BRDA:205,0,86,0
BRDA:205,0,87,0
BRDA:205,0,88,0
BRDA:205,0,89,0
BRDA:205,0,90,0
BRDA:205,0,91,0
BRDA:205,0,92,0
BRDA:205,0,93,0
BRDA:205,0,94,0
BRDA:205,0,95,0
BRDA:205,0,96,0
BRDA:205,0,97,0
BRDA:205,0,98,0
BRDA:205,0,99,0
BRDA:205,0,100,0
BRDA:205,0,101,0
BRDA:205,0,102,0
BRDA:205,0,103,0
BRDA:205,0,104,0
BRDA:205,0,105,0
BRDA:205,0,106,0
BRDA:205,0,107,0
BRDA:205,0,108,0
BRDA:205,0,109,0
BRDA:205,0,110,4
BRDA:205,0,111,4
BRDA:205,0,112,0
BRDA:205,0,113,0
BRDA:205,0,114,0
BRDA:205,0,115,0
BRDA:205,0,116,0
BRDA:205,0,117,0
BRDA:205,0,118,0
BRDA:205,0,119,0
BRDA:205,0,120,2
BRDA:205,0,121,2
BRDA:205,0,122,1
BRDA:205,0,123,1
BRDA:205,0,124,1
BRDA:205,0,125,0
BRDA:205,0,126,0
BRDA:205,0,127,0
DA:207,143
DA:208,143
DA:211,143
BRDA:211,0,0,143
BRDA:211,0,1,143
BRDA:211,0,2,0
DA:212,143
DA:215,0
BRDA:215,0,0,0
BRDA:215,0,1,0
DA:216,0
DA:217,0
DA:219,0
DA:220,0
DA:224,0
DA:226,0
DA:227,0
DA:228,0
DA:229,0
DA:236,143
DA:237,143
DA:239,143
DA:240,127
BRDA:240,0,0,127
BRDA:240,0,1,23
BRDA:240,0,2,120
BRDA:240,0,3,0
DA:241,120
BRDA:241,0,0,0
BRDA:241,0,1,23
BRDA:241,0,2,120
BRDA:241,0,3,0
DA:242,120
BRDA:242,0,0,0
BRDA:242,0,1,23
BRDA:242,0,2,120
BRDA:242,0,3,0
DA:243,16
DA:247,162
BRDA:247,0,0,162
BRDA:247,0,1,24
BRDA:247,0,2,153
DA:254,186
DA:255,186
DA:256,0
DA:257,0
DA:258,0
DA:261,0
DA:262,0
DA:263,0
DA:264,0
DA:265,0
DA:267,162
BRDA:267,0,0,24
BRDA:267,0,1,162
DA:268,24
DA:272,142
DA:273,132
BRDA:273,0,0,10
BRDA:273,0,1,132
BRDA:273,0,2,10
BRDA:273,0,3,132
DA:274,132
DA:278,142
DA:279,132
BRDA:279,0,0,10
BRDA:279,0,1,10
BRDA:279,0,2,132
DA:280,10
DA:281,1
DA:282,1
DA:283,130
BRDA:283,0,0,1
BRDA:283,0,1,130
BRDA:283,0,2,130
BRDA:283,0,3,0
BRDA:283,0,4,0
BRDA:283,0,5,1
DA:284,1
DA:288,142
DA:289,132
BRDA:289,0,0,10
BRDA:289,0,1,10
BRDA:289,0,2,132
DA:290,10
DA:291,132
BRDA:291,0,0,132
BRDA:291,0,1,0
DA:292,132
DA:296,142
DA:297,132
BRDA:297,0,0,10
BRDA:297,0,1,10
BRDA:297,0,2,132
DA:298,10
DA:299,132
DA:300,132
DA:301,0
BRDA:301,0,0,0
BRDA:301,0,1,0
BRDA:301,0,2,0
BRDA:301,0,3,0
BRDA:301,0,4,0
DA:302,0
DA:306,143
BRDA:306,0,0,0
BRDA:306,0,1,143
BRDA:306,0,2,143
BRDA:306,0,3,0
DA:308,142
DA:309,132
BRDA:309,0,0,10
BRDA:309,0,1,132
BRDA:309,0,2,10
BRDA:309,0,3,132
DA:310,132
DA:313,178
DA:314,178
DA:315,178
DA:316,178
DA:317,178
DA:318,178
DA:319,178
DA:320,178
DA:321,178
DA:322,178
DA:323,178
DA:324,178
DA:325,178
DA:326,178
DA:327,178
DA:329,178
DA:330,178
DA:334,178
DA:335,178
DA:336,178
BRDA:336,0,0,178
BRDA:336,0,1,0
BRDA:336,0,2,177
BRDA:336,0,3,0
DA:337,0
DA:339,0
DA:340,0
DA:341,178
BRDA:341,0,0,0
BRDA:341,0,1,178
BRDA:341,0,2,178
BRDA:341,0,3,0
BRDA:341,0,4,178
DA:342,0
DA:344,0
DA:345,0
DA:346,178
DA:347,178
DA:351,0
DA:352,0
DA:354,0
BRDA:354,0,0,0
BRDA:354,0,1,0
DA:355,0
DA:357,0
DA:358,0
DA:359,0
DA:361,0
DA:365,0
DA:366,0
DA:367,0
DA:369,0
DA:370,0
BRDA:370,0,0,0
BRDA:370,0,1,0
BRDA:370,0,2,0
BRDA:370,0,3,0
BRDA:370,0,4,0
BRDA:370,0,5,0
DA:371,0
DA:373,0
DA:374,0
DA:375,0
BRDA:375,0,0,0
BRDA:375,0,1,0
DA:376,0
BRDA:376,0,0,0
BRDA:376,0,1,0
BRDA:376,0,2,0
BRDA:376,0,3,0
BRDA:376,0,4,0
BRDA:376,0,5,0
DA:380,0
DA:382,0
DA:383,0
DA:384,0
DA:385,0
DA:389,0
DA:390,0
DA:392,0
BRDA:392,0,0,0
BRDA:392,0,1,0
DA:393,0
BRDA:393,0,0,0
BRDA:393,0,1,0
DA:394,0
DA:395,0
DA:396,0
BRDA:396,0,0,0
BRDA:396,0,1,0
DA:397,0
DA:398,0
DA:399,0
DA:402,0
DA:403,0
DA:407,0
DA:408,0
DA:409,0
DA:410,0
DA:411,0
DA:413,0
BRDA:413,0,0,0
BRDA:413,0,1,0
BRDA:413,0,2,0
BRDA:413,0,3,0
BRDA:413,0,4,0
BRDA:413,0,5,0
BRDA:413,0,6,0
BRDA:413,0,7,0
BRDA:413,0,8,0
BRDA:413,0,9,0
BRDA:413,0,10,0
BRDA:413,0,11,0
BRDA:413,0,12,0
BRDA:413,0,13,0
DA:415,0
DA:417,0
DA:419,0
DA:420,0
DA:421,0
DA:422,0
DA:423,0
DA:424,0
DA:429,0
DA:430,0
DA:431,0
DA:433,0
BRDA:433,0,0,0
BRDA:433,0,1,0
DA:434,0
DA:436,0
DA:437,0
DA:438,0
DA:440,0
DA:444,0
DA:446,0
DA:448,0
DA:451,0
DA:452,0
DA:460,143
BRDA:460,0,0,143
BRDA:460,0,1,0
BRDA:460,0,2,0
BRDA:460,0,3,143
DA:461,143
BRDA:461,0,0,0
BRDA:461,0,1,143
DA:462,143
DA:464,142
DA:465,132
BRDA:465,0,0,10
BRDA:465,0,1,132
BRDA:465,0,2,10
BRDA:465,0,3,132
DA:466,10
DA:467,132
DA:468,132
DA:475,142
BRDA:475,0,0,0
BRDA:475,0,1,142
BRDA:475,0,2,1
BRDA:475,0,3,1
BRDA:475,0,4,142
DA:477,142
BRDA:477,0,0,142
BRDA:477,0,1,0
DA:480,0
BRDA:480,0,0,0
BRDA:480,0,1,0
DA:482,0
DA:486,142
DA:487,132
BRDA:487,0,0,10
BRDA:487,0,1,132
BRDA:487,0,2,10
BRDA:487,0,3,132
DA:488,10
DA:489,132
DA:490,132
BRF:1086
BRH:73
end_of_record
SF:hw/ip/hmac/rtl/hmac_reg_top.sv
DA:10,142
BRDA:10,0,0,142
BRDA:10,0,1,141
DA:11,1
BRDA:11,0,0,1
BRDA:11,0,1,0
DA:12,37
BRDA:12,0,0,0
BRDA:12,0,1,0
BRDA:12,0,2,0
BRDA:12,0,3,0
BRDA:12,0,4,0
BRDA:12,0,5,0
BRDA:12,0,6,1
BRDA:12,0,7,1
BRDA:12,0,8,0
BRDA:12,0,9,0
BRDA:12,0,10,0
BRDA:12,0,11,0
BRDA:12,0,12,0
BRDA:12,0,13,0
BRDA:12,0,14,0
BRDA:12,0,15,0
BRDA:12,0,16,0
BRDA:12,0,17,0
BRDA:12,0,18,0
BRDA:12,0,19,0
BRDA:12,0,20,0
BRDA:12,0,21,0
BRDA:12,0,22,0
BRDA:12,0,23,0
BRDA:12,0,24,0
BRDA:12,0,25,0
BRDA:12,0,26,0
BRDA:12,0,27,0
BRDA:12,0,28,0
BRDA:12,0,29,0
BRDA:12,0,30,0
BRDA:12,0,31,0
BRDA:12,0,32,0
BRDA:12,0,33,0
BRDA:12,0,34,0
BRDA:12,0,35,0
BRDA:12,0,36,0
BRDA:12,0,37,0
BRDA:12,0,38,0
BRDA:12,0,39,0
BRDA:12,0,40,0
BRDA:12,0,41,0
BRDA:12,0,42,0
BRDA:12,0,43,0
BRDA:12,0,44,3
BRDA:12,0,45,3
BRDA:12,0,46,0
BRDA:12,0,47,0
BRDA:12,0,48,0
BRDA:12,0,49,0
BRDA:12,0,50,1
BRDA:12,0,51,1
BRDA:12,0,52,2
BRDA:12,0,53,2
BRDA:12,0,54,3
BRDA:12,0,55,2
BRDA:12,0,56,2
BRDA:12,0,57,2
BRDA:12,0,58,2
BRDA:12,0,59,2
BRDA:12,0,60,0
BRDA:12,0,61,0
BRDA:12,0,62,0
BRDA:12,0,63,0
BRDA:12,0,64,3
BRDA:12,0,65,2
BRDA:12,0,66,2
BRDA:12,0,67,1
BRDA:12,0,68,1
BRDA:12,0,69,0
BRDA:12,0,70,1
BRDA:12,0,71,0
BRDA:12,0,72,2
BRDA:12,0,73,1
BRDA:12,0,74,2
BRDA:12,0,75,1
BRDA:12,0,76,1
BRDA:12,0,77,0
BRDA:12,0,78,2
BRDA:12,0,79,1
BRDA:12,0,80,1
BRDA:12,0,81,0
BRDA:12,0,82,1
BRDA:12,0,83,0
BRDA:12,0,84,1
BRDA:12,0,85,0
BRDA:12,0,86,3
BRDA:12,0,87,2
BRDA:12,0,88,1
BRDA:12,0,89,0
BRDA:12,0,90,2
BRDA:12,0,91,1
BRDA:12,0,92,2
BRDA:12,0,93,1
BRDA:12,0,94,1
BRDA:12,0,95,0
BRDA:12,0,96,2
BRDA:12,0,97,1
BRDA:12,0,98,1
BRDA:12,0,99,0
BRDA:12,0,100,1
BRDA:12,0,101,0
BRDA:12,0,102,1
BRDA:12,0,103,0
BRDA:12,0,104,1
BRDA:12,0,105,0
BRDA:12,0,106,2
BRDA:12,0,107,1
BRDA:12,0,108,1
BRDA:12,0,109,0
BRDA:12,0,110,2
BRDA:12,0,111,1
BRDA:12,0,112,1
BRDA:12,0,113,0
BRDA:12,0,114,1
BRDA:12,0,115,0
BRDA:12,0,116,1
BRDA:12,0,117,0
BRDA:12,0,118,3
BRDA:12,0,119,2
BRDA:12,0,120,2
BRDA:12,0,121,1
BRDA:12,0,122,1
BRDA:12,0,123,0
BRDA:12,0,124,2
BRDA:12,0,125,1
BRDA:12,0,126,1
BRDA:12,0,127,0
BRDA:12,0,128,1
BRDA:12,0,129,0
BRDA:12,0,130,1
BRDA:12,0,131,0
BRDA:12,0,132,1
BRDA:12,0,133,0
BRDA:12,0,134,1
BRDA:12,0,135,0
BRDA:12,0,136,0
BRDA:12,0,137,0
BRDA:12,0,138,0
BRDA:12,0,139,0
BRDA:12,0,140,3
BRDA:12,0,141,3
BRDA:12,0,142,0
BRDA:12,0,143,0
BRDA:12,0,144,0
BRDA:12,0,145,0
BRDA:12,0,146,0
BRDA:12,0,147,0
BRDA:12,0,148,0
BRDA:12,0,149,0
BRDA:12,0,150,1
BRDA:12,0,151,0
BRDA:12,0,152,0
BRDA:12,0,153,0
BRDA:12,0,154,0
BRDA:12,0,155,0
BRDA:12,0,156,0
BRDA:12,0,157,0
BRDA:12,0,158,0
BRDA:12,0,159,0
BRDA:12,0,160,0
BRDA:12,0,161,0
BRDA:12,0,162,0
BRDA:12,0,163,0
BRDA:12,0,164,0
BRDA:12,0,165,0
BRDA:12,0,166,0
BRDA:12,0,167,0
BRDA:12,0,168,3
BRDA:12,0,169,2
BRDA:12,0,170,2
BRDA:12,0,171,1
BRDA:12,0,172,3
BRDA:12,0,173,3
BRDA:12,0,174,4
BRDA:12,0,175,3
BRDA:12,0,176,2
BRDA:12,0,177,2
BRDA:12,0,178,2
BRDA:12,0,179,1
BRDA:12,0,180,3
BRDA:12,0,181,3
BRDA:12,0,182,3
BRDA:12,0,183,3
BRDA:12,0,184,3
BRDA:12,0,185,2
BRDA:12,0,186,2
BRDA:12,0,187,2
BRDA:12,0,188,4
BRDA:12,0,189,3
BRDA:12,0,190,3
BRDA:12,0,191,3
BRDA:12,0,192,1
BRDA:12,0,193,0
BRDA:12,0,194,1
BRDA:12,0,195,1
BRDA:12,0,196,1
BRDA:12,0,197,0
BRDA:12,0,198,0
BRDA:12,0,199,0
BRDA:12,0,200,0
BRDA:12,0,201,0
BRDA:12,0,202,1
BRDA:12,0,203,0
BRDA:12,0,204,0
BRDA:12,0,205,0
BRDA:12,0,206,0
BRDA:12,0,207,0
BRDA:12,0,208,0
BRDA:12,0,209,0
BRDA:12,0,210,0
BRDA:12,0,211,0
BRDA:12,0,212,0
BRDA:12,0,213,0
BRDA:12,0,214,37
BRDA:12,0,215,37
BRDA:12,0,216,1
BRDA:12,0,217,0
DA:13,37
BRDA:13,0,0,37
BRDA:13,0,1,37
BRDA:13,0,2,10
BRDA:13,0,3,10
BRDA:13,0,4,10
BRDA:13,0,5,10
BRDA:13,0,6,9
BRDA:13,0,7,9
BRDA:13,0,8,10
BRDA:13,0,9,10
BRDA:13,0,10,10
BRDA:13,0,11,10
BRDA:13,0,12,10
BRDA:13,0,13,10
BRDA:13,0,14,10
BRDA:13,0,15,10
BRDA:13,0,16,10
BRDA:13,0,17,10
BRDA:13,0,18,10
BRDA:13,0,19,10
BRDA:13,0,20,9
BRDA:13,0,21,9
BRDA:13,0,22,9
BRDA:13,0,23,9
BRDA:13,0,24,9
BRDA:13,0,25,9
BRDA:13,0,26,9
BRDA:13,0,27,9
BRDA:13,0,28,10
BRDA:13,0,29,10
BRDA:13,0,30,9
BRDA:13,0,31,9
BRDA:13,0,32,10
BRDA:13,0,33,10
BRDA:13,0,34,10
BRDA:13,0,35,10
BRDA:13,0,36,10
BRDA:13,0,37,10
BRDA:13,0,38,9
BRDA:13,0,39,9
BRDA:13,0,40,10
BRDA:13,0,41,10
BRDA:13,0,42,10
BRDA:13,0,43,10
BRDA:13,0,44,10
BRDA:13,0,45,10
BRDA:13,0,46,10
BRDA:13,0,47,10
BRDA:13,0,48,9
BRDA:13,0,49,9
BRDA:13,0,50,9
BRDA:13,0,51,9
BRDA:13,0,52,9
BRDA:13,0,53,9
BRDA:13,0,54,10
BRDA:13,0,55,10
BRDA:13,0,56,10
BRDA:13,0,57,10
BRDA:13,0,58,10
BRDA:13,0,59,10
BRDA:13,0,60,10
BRDA:13,0,61,10
BRDA:13,0,62,10
BRDA:13,0,63,10
BRDA:13,0,64,9
BRDA:13,0,65,9
BRDA:13,0,66,0
BRDA:13,0,67,0
BRDA:13,0,68,11
BRDA:13,0,69,11
BRDA:13,0,70,0
BRDA:13,0,71,0
BRDA:13,0,72,0
BRDA:13,0,73,0
BRDA:13,0,74,0
BRDA:13,0,75,0
BRDA:13,0,76,0
BRDA:13,0,77,0
BRDA:13,0,78,0
BRDA:13,0,79,0
BRDA:13,0,80,0
BRDA:13,0,81,0
BRDA:13,0,82,0
BRDA:13,0,83,0
BRDA:13,0,84,9
BRDA:13,0,85,8
BRDA:13,0,86,0
BRDA:13,0,87,0
BRDA:13,0,88,0
BRDA:13,0,89,0
BRDA:13,0,90,0
BRDA:13,0,91,0
BRDA:13,0,92,0
BRDA:13,0,93,0
BRDA:13,0,94,0
BRDA:13,0,95,0
BRDA:13,0,96,0
BRDA:13,0,97,0
BRDA:13,0,98,0
BRDA:13,0,99,0
BRDA:13,0,100,0
BRDA:13,0,101,0
BRDA:13,0,102,2
BRDA:13,0,103,2
BRDA:13,0,104,2
BRDA:13,0,105,1
BRDA:13,0,106,2
BRDA:13,0,107,2
BRDA:13,0,108,4
BRDA:13,0,109,3
BRDA:13,0,110,2
BRDA:13,0,111,2
BRDA:13,0,112,1
BRDA:13,0,113,0
BRDA:13,0,114,1
BRDA:13,0,115,1
BRDA:13,0,116,4
BRDA:13,0,117,3
BRDA:13,0,118,3
BRDA:13,0,119,3
BRDA:13,0,120,0
BRDA:13,0,121,0
BRDA:13,0,122,1
BRDA:13,0,123,0
BRDA:13,0,124,9
BRDA:13,0,125,8
BRDA:13,0,126,11
BRDA:13,0,127,10
BRDA:13,0,128,0
BRDA:13,0,129,0
BRDA:13,0,130,37
BRDA:13,0,131,37
DA:16,8
BRDA:16,0,0,0
BRDA:16,0,1,0
BRDA:16,0,2,0
BRDA:16,0,3,0
BRDA:16,0,4,0
BRDA:16,0,5,0
BRDA:16,0,6,1
BRDA:16,0,7,1
BRDA:16,0,8,0
BRDA:16,0,9,0
BRDA:16,0,10,0
BRDA:16,0,11,0
BRDA:16,0,12,0
BRDA:16,0,13,0
BRDA:16,0,14,0
BRDA:16,0,15,0
BRDA:16,0,16,0
BRDA:16,0,17,0
BRDA:16,0,18,0
BRDA:16,0,19,0
BRDA:16,0,20,0
BRDA:16,0,21,0
BRDA:16,0,22,0
BRDA:16,0,23,0
BRDA:16,0,24,0
BRDA:16,0,25,0
BRDA:16,0,26,0
BRDA:16,0,27,0
BRDA:16,0,28,0
BRDA:16,0,29,0
BRDA:16,0,30,0
BRDA:16,0,31,0
BRDA:16,0,32,0
BRDA:16,0,33,0
BRDA:16,0,34,0
BRDA:16,0,35,0
BRDA:16,0,36,0
BRDA:16,0,37,0
BRDA:16,0,38,0
BRDA:16,0,39,0
BRDA:16,0,40,0
BRDA:16,0,41,0
BRDA:16,0,42,0
BRDA:16,0,43,0
BRDA:16,0,44,3
BRDA:16,0,45,3
BRDA:16,0,46,0
BRDA:16,0,47,0
BRDA:16,0,48,0
BRDA:16,0,49,0
BRDA:16,0,50,1
BRDA:16,0,51,1
BRDA:16,0,52,2
BRDA:16,0,53,2
BRDA:16,0,54,3
BRDA:16,0,55,2
BRDA:16,0,56,2
BRDA:16,0,57,2
BRDA:16,0,58,2
BRDA:16,0,59,2
BRDA:16,0,60,0
BRDA:16,0,61,0
BRDA:16,0,62,0
BRDA:16,0,63,0
BRDA:16,0,64,1
BRDA:16,0,65,0
BRDA:16,0,66,2
BRDA:16,0,67,1
BRDA:16,0,68,2
BRDA:16,0,69,1
BRDA:16,0,70,2
BRDA:16,0,71,1
BRDA:16,0,72,1
BRDA:16,0,73,0
BRDA:16,0,74,1
BRDA:16,0,75,0
BRDA:16,0,76,2
BRDA:16,0,77,1
BRDA:16,0,78,1
BRDA:16,0,79,0
BRDA:16,0,80,2
BRDA:16,0,81,1
BRDA:16,0,82,2
BRDA:16,0,83,1
BRDA:16,0,84,2
BRDA:16,0,85,1
BRDA:16,0,86,2
BRDA:16,0,87,1
BRDA:16,0,88,2
BRDA:16,0,89,1
BRDA:16,0,90,1
BRDA:16,0,91,0
BRDA:16,0,92,1
BRDA:16,0,93,0
BRDA:16,0,94,2
BRDA:16,0,95,1
BRDA:16,0,96,1
BRDA:16,0,97,0
BRDA:16,0,98,2
BRDA:16,0,99,1
BRDA:16,0,100,2
BRDA:16,0,101,1
BRDA:16,0,102,2
BRDA:16,0,103,1
BRDA:16,0,104,2
BRDA:16,0,105,1
BRDA:16,0,106,1
BRDA:16,0,107,0
BRDA:16,0,108,2
BRDA:16,0,109,1
BRDA:16,0,110,1
BRDA:16,0,111,0
BRDA:16,0,112,2
BRDA:16,0,113,1
BRDA:16,0,114,2
BRDA:16,0,115,1
BRDA:16,0,116,2
BRDA:16,0,117,1
BRDA:16,0,118,1
BRDA:16,0,119,0
BRDA:16,0,120,1
BRDA:16,0,121,0
BRDA:16,0,122,2
BRDA:16,0,123,1
BRDA:16,0,124,1
BRDA:16,0,125,0
BRDA:16,0,126,2
BRDA:16,0,127,1
BRDA:16,0,128,1
BRDA:16,0,129,0
BRDA:16,0,130,1
BRDA:16,0,131,0
BRDA:16,0,132,1
BRDA:16,0,133,0
BRDA:16,0,134,1
BRDA:16,0,135,0
BRDA:16,0,136,0
BRDA:16,0,137,0
BRDA:16,0,138,0
BRDA:16,0,139,0
BRDA:16,0,140,3
BRDA:16,0,141,3
BRDA:16,0,142,0
BRDA:16,0,143,0
BRDA:16,0,144,0
BRDA:16,0,145,0
BRDA:16,0,146,0
BRDA:16,0,147,0
BRDA:16,0,148,0
BRDA:16,0,149,0
BRDA:16,0,150,1
BRDA:16,0,151,0
BRDA:16,0,152,0
BRDA:16,0,153,0
BRDA:16,0,154,0
BRDA:16,0,155,0
BRDA:16,0,156,0
BRDA:16,0,157,0
BRDA:16,0,158,0
BRDA:16,0,159,0
BRDA:16,0,160,0
BRDA:16,0,161,0
BRDA:16,0,162,0
BRDA:16,0,163,0
BRDA:16,0,164,0
BRDA:16,0,165,0
BRDA:16,0,166,0
BRDA:16,0,167,0
BRDA:16,0,168,3
BRDA:16,0,169,3
BRDA:16,0,170,0
BRDA:16,0,171,0
BRDA:16,0,172,4
BRDA:16,0,173,3
BRDA:16,0,174,3
BRDA:16,0,175,3
BRDA:16,0,176,4
BRDA:16,0,177,3
BRDA:16,0,178,3
BRDA:16,0,179,3
BRDA:16,0,180,4
BRDA:16,0,181,3
BRDA:16,0,182,1
BRDA:16,0,183,0
BRDA:16,0,184,0
BRDA:16,0,185,0
BRDA:16,0,186,2
BRDA:16,0,187,1
BRDA:16,0,188,0
BRDA:16,0,189,0
BRDA:16,0,190,2
BRDA:16,0,191,1
BRDA:16,0,192,1
BRDA:16,0,193,1
BRDA:16,0,194,1
BRDA:16,0,195,0
BRDA:16,0,196,1
BRDA:16,0,197,0
BRDA:16,0,198,0
BRDA:16,0,199,0
BRDA:16,0,200,0
BRDA:16,0,201,0
BRDA:16,0,202,1
BRDA:16,0,203,0
BRDA:16,0,204,0
BRDA:16,0,205,0
BRDA:16,0,206,0
BRDA:16,0,207,0
BRDA:16,0,208,0
BRDA:16,0,209,0
BRDA:16,0,210,0
BRDA:16,0,211,0
BRDA:16,0,212,0
BRDA:16,0,213,0
BRDA:16,0,214,8
BRDA:16,0,215,8
BRDA:16,0,216,1
BRDA:16,0,217,0
DA:17,9
BRDA:17,0,0,8
BRDA:17,0,1,8
BRDA:17,0,2,1
BRDA:17,0,3,0
BRDA:17,0,4,1
BRDA:17,0,5,0
BRDA:17,0,6,1
BRDA:17,0,7,0
BRDA:17,0,8,1
BRDA:17,0,9,0
BRDA:17,0,10,1
BRDA:17,0,11,0
BRDA:17,0,12,1
BRDA:17,0,13,0
BRDA:17,0,14,1
BRDA:17,0,15,0
BRDA:17,0,16,1
BRDA:17,0,17,0
BRDA:17,0,18,1
BRDA:17,0,19,0
BRDA:17,0,20,1
BRDA:17,0,21,0
BRDA:17,0,22,1
BRDA:17,0,23,0
BRDA:17,0,24,1
BRDA:17,0,25,0
BRDA:17,0,26,1
BRDA:17,0,27,0
BRDA:17,0,28,1
BRDA:17,0,29,0
BRDA:17,0,30,1
BRDA:17,0,31,0
BRDA:17,0,32,1
BRDA:17,0,33,0
BRDA:17,0,34,1
BRDA:17,0,35,0
BRDA:17,0,36,1
BRDA:17,0,37,0
BRDA:17,0,38,1
BRDA:17,0,39,0
BRDA:17,0,40,1
BRDA:17,0,41,0
BRDA:17,0,42,1
BRDA:17,0,43,0
BRDA:17,0,44,1
BRDA:17,0,45,0
BRDA:17,0,46,1
BRDA:17,0,47,0
BRDA:17,0,48,1
BRDA:17,0,49,0
BRDA:17,0,50,1
BRDA:17,0,51,0
BRDA:17,0,52,1
BRDA:17,0,53,0
BRDA:17,0,54,1
BRDA:17,0,55,0
BRDA:17,0,56,1
BRDA:17,0,57,0
BRDA:17,0,58,1
BRDA:17,0,59,0
BRDA:17,0,60,1
BRDA:17,0,61,0
BRDA:17,0,62,1
BRDA:17,0,63,0
BRDA:17,0,64,1
BRDA:17,0,65,0
BRDA:17,0,66,0
BRDA:17,0,67,0
BRDA:17,0,68,9
BRDA:17,0,69,8
BRDA:17,0,70,0
BRDA:17,0,71,0
BRDA:17,0,72,0
BRDA:17,0,73,0
BRDA:17,0,74,0
BRDA:17,0,75,0
BRDA:17,0,76,0
BRDA:17,0,77,0
BRDA:17,0,78,0
BRDA:17,0,79,0
BRDA:17,0,80,0
BRDA:17,0,81,0
BRDA:17,0,82,0
BRDA:17,0,83,0
BRDA:17,0,84,8
BRDA:17,0,85,8
BRDA:17,0,86,0
BRDA:17,0,87,0
BRDA:17,0,88,0
BRDA:17,0,89,0
BRDA:17,0,90,0
BRDA:17,0,91,0
BRDA:17,0,92,0
BRDA:17,0,93,0
BRDA:17,0,94,0
BRDA:17,0,95,0
BRDA:17,0,96,0
BRDA:17,0,97,0
BRDA:17,0,98,0
BRDA:17,0,99,0
BRDA:17,0,100,0
BRDA:17,0,101,0
BRDA:17,0,102,0
BRDA:17,0,103,0
BRDA:17,0,104,1
BRDA:17,0,105,0
BRDA:17,0,106,0
BRDA:17,0,107,0
BRDA:17,0,108,1
BRDA:17,0,109,0
BRDA:17,0,110,0
BRDA:17,0,111,0
BRDA:17,0,112,1
BRDA:17,0,113,0
BRDA:17,0,114,0
BRDA:17,0,115,0
BRDA:17,0,116,0
BRDA:17,0,117,0
BRDA:17,0,118,0
BRDA:17,0,119,0
BRDA:17,0,120,0
BRDA:17,0,121,0
BRDA:17,0,122,0
BRDA:17,0,123,0
BRDA:17,0,124,0
BRDA:17,0,125,0
BRDA:17,0,126,0
BRDA:17,0,127,0
BRDA:17,0,128,0
BRDA:17,0,129,0
BRDA:17,0,130,8
BRDA:17,0,131,8
DA:24,6
BRDA:24,0,0,6
BRDA:24,0,1,6
DA:34,7
BRDA:34,0,0,7
BRDA:34,0,1,7
DA:35,22
BRDA:35,0,0,22
BRDA:35,0,1,22
DA:36,3
BRDA:36,0,0,0
BRDA:36,0,1,0
BRDA:36,0,2,0
BRDA:36,0,3,0
BRDA:36,0,4,0
BRDA:36,0,5,0
BRDA:36,0,6,1
BRDA:36,0,7,1
BRDA:36,0,8,0
BRDA:36,0,9,0
BRDA:36,0,10,3
BRDA:36,0,11,3
BRDA:36,0,12,1
BRDA:36,0,13,1
BRDA:36,0,14,2
BRDA:36,0,15,2
BRDA:36,0,16,3
BRDA:36,0,17,2
BRDA:36,0,18,2
BRDA:36,0,19,2
BRDA:36,0,20,2
BRDA:36,0,21,2
BRDA:36,0,22,0
BRDA:36,0,23,0
BRDA:36,0,24,0
BRDA:36,0,25,0
DA:37,4
BRDA:37,0,0,3
BRDA:37,0,1,2
BRDA:37,0,2,3
BRDA:37,0,3,2
BRDA:37,0,4,2
BRDA:37,0,5,1
BRDA:37,0,6,2
BRDA:37,0,7,1
BRDA:37,0,8,2
BRDA:37,0,9,1
BRDA:37,0,10,2
BRDA:37,0,11,1
BRDA:37,0,12,2
BRDA:37,0,13,1
BRDA:37,0,14,2
BRDA:37,0,15,1
BRDA:37,0,16,2
BRDA:37,0,17,1
BRDA:37,0,18,2
BRDA:37,0,19,1
BRDA:37,0,20,2
BRDA:37,0,21,1
BRDA:37,0,22,4
BRDA:37,0,23,3
BRDA:37,0,24,2
BRDA:37,0,25,1
BRDA:37,0,26,2
BRDA:37,0,27,1
BRDA:37,0,28,2
BRDA:37,0,29,1
BRDA:37,0,30,2
BRDA:37,0,31,1
BRDA:37,0,32,2
BRDA:37,0,33,1
BRDA:37,0,34,2
BRDA:37,0,35,1
BRDA:37,0,36,2
BRDA:37,0,37,1
BRDA:37,0,38,2
BRDA:37,0,39,1
BRDA:37,0,40,2
BRDA:37,0,41,1
BRDA:37,0,42,2
BRDA:37,0,43,1
BRDA:37,0,44,2
BRDA:37,0,45,1
BRDA:37,0,46,2
BRDA:37,0,47,1
BRDA:37,0,48,2
BRDA:37,0,49,1
BRDA:37,0,50,2
BRDA:37,0,51,1
BRDA:37,0,52,2
BRDA:37,0,53,1
BRDA:37,0,54,3
BRDA:37,0,55,2
BRDA:37,0,56,2
BRDA:37,0,57,1
BRDA:37,0,58,2
BRDA:37,0,59,1
BRDA:37,0,60,2
BRDA:37,0,61,1
BRDA:37,0,62,2
BRDA:37,0,63,1
DA:38,1
BRDA:38,0,0,1
BRDA:38,0,1,0
BRDA:38,0,2,1
BRDA:38,0,3,0
BRDA:38,0,4,1
BRDA:38,0,5,0
BRDA:38,0,6,1
BRDA:38,0,7,0
DA:39,4
BRDA:39,0,0,4
BRDA:39,0,1,3
BRDA:39,0,2,4
BRDA:39,0,3,3
BRDA:39,0,4,2
BRDA:39,0,5,1
BRDA:39,0,6,3
BRDA:39,0,7,2
BRDA:39,0,8,3
BRDA:39,0,9,2
BRDA:39,0,10,4
BRDA:39,0,11,3
BRDA:39,0,12,3
BRDA:39,0,13,2
BRDA:39,0,14,3
BRDA:39,0,15,2
BRDA:39,0,16,3
BRDA:39,0,17,2
BRDA:39,0,18,2
BRDA:39,0,19,1
BRDA:39,0,20,2
BRDA:39,0,21,1
BRDA:39,0,22,4
BRDA:39,0,23,3
BRDA:39,0,24,2
BRDA:39,0,25,1
BRDA:39,0,26,3
BRDA:39,0,27,2
BRDA:39,0,28,2
BRDA:39,0,29,1
BRDA:39,0,30,3
BRDA:39,0,31,2
BRDA:39,0,32,3
BRDA:39,0,33,2
BRDA:39,0,34,3
BRDA:39,0,35,2
BRDA:39,0,36,2
BRDA:39,0,37,1
BRDA:39,0,38,3
BRDA:39,0,39,2
BRDA:39,0,40,3
BRDA:39,0,41,2
BRDA:39,0,42,3
BRDA:39,0,43,2
BRDA:39,0,44,3
BRDA:39,0,45,2
BRDA:39,0,46,2
BRDA:39,0,47,1
BRDA:39,0,48,2
BRDA:39,0,49,1
BRDA:39,0,50,2
BRDA:39,0,51,1
BRDA:39,0,52,3
BRDA:39,0,53,2
BRDA:39,0,54,4
BRDA:39,0,55,3
BRDA:39,0,56,3
BRDA:39,0,57,2
BRDA:39,0,58,3
BRDA:39,0,59,2
BRDA:39,0,60,4
BRDA:39,0,61,3
BRDA:39,0,62,2
BRDA:39,0,63,1
DA:40,0
BRDA:40,0,0,0
BRDA:40,0,1,0
DA:42,0
BRDA:42,0,0,0
BRDA:42,0,1,0
BRDA:42,0,2,0
BRDA:42,0,3,0
DA:44,4
BRDA:44,0,0,4
BRDA:44,0,1,3
BRDA:44,0,2,4
BRDA:44,0,3,3
BRDA:44,0,4,2
BRDA:44,0,5,1
BRDA:44,0,6,3
BRDA:44,0,7,2
BRDA:44,0,8,3
BRDA:44,0,9,2
BRDA:44,0,10,4
BRDA:44,0,11,3
BRDA:44,0,12,3
BRDA:44,0,13,2
BRDA:44,0,14,3
BRDA:44,0,15,2
BRDA:44,0,16,3
BRDA:44,0,17,2
BRDA:44,0,18,2
BRDA:44,0,19,1
BRDA:44,0,20,2
BRDA:44,0,21,1
BRDA:44,0,22,4
BRDA:44,0,23,3
BRDA:44,0,24,2
BRDA:44,0,25,1
BRDA:44,0,26,3
BRDA:44,0,27,2
BRDA:44,0,28,2
BRDA:44,0,29,1
BRDA:44,0,30,3
BRDA:44,0,31,2
BRDA:44,0,32,3
BRDA:44,0,33,2
BRDA:44,0,34,3
BRDA:44,0,35,2
BRDA:44,0,36,2
BRDA:44,0,37,1
BRDA:44,0,38,3
BRDA:44,0,39,2
BRDA:44,0,40,3
BRDA:44,0,41,2
BRDA:44,0,42,3
BRDA:44,0,43,2
BRDA:44,0,44,3
BRDA:44,0,45,2
BRDA:44,0,46,2
BRDA:44,0,47,1
BRDA:44,0,48,2
BRDA:44,0,49,1
BRDA:44,0,50,2
BRDA:44,0,51,1
BRDA:44,0,52,3
BRDA:44,0,53,2
BRDA:44,0,54,4
BRDA:44,0,55,3
BRDA:44,0,56,3
BRDA:44,0,57,2
BRDA:44,0,58,3
BRDA:44,0,59,2
BRDA:44,0,60,4
BRDA:44,0,61,3
BRDA:44,0,62,2
BRDA:44,0,63,1
DA:45,0
BRDA:45,0,0,0
BRDA:45,0,1,0
DA:47,29
BRDA:47,0,0,0
BRDA:47,0,1,0
BRDA:47,0,2,0
BRDA:47,0,3,0
BRDA:47,0,4,0
BRDA:47,0,5,0
BRDA:47,0,6,1
BRDA:47,0,7,1
BRDA:47,0,8,0
BRDA:47,0,9,0
BRDA:47,0,10,0
BRDA:47,0,11,0
BRDA:47,0,12,0
BRDA:47,0,13,0
BRDA:47,0,14,0
BRDA:47,0,15,0
BRDA:47,0,16,0
BRDA:47,0,17,0
BRDA:47,0,18,0
BRDA:47,0,19,0
BRDA:47,0,20,0
BRDA:47,0,21,0
BRDA:47,0,22,0
BRDA:47,0,23,0
BRDA:47,0,24,0
BRDA:47,0,25,0
BRDA:47,0,26,0
BRDA:47,0,27,0
BRDA:47,0,28,0
BRDA:47,0,29,0
BRDA:47,0,30,0
BRDA:47,0,31,0
BRDA:47,0,32,0
BRDA:47,0,33,0
BRDA:47,0,34,0
BRDA:47,0,35,0
BRDA:47,0,36,0
BRDA:47,0,37,0
BRDA:47,0,38,0
BRDA:47,0,39,0
BRDA:47,0,40,0
BRDA:47,0,41,0
BRDA:47,0,42,0
BRDA:47,0,43,0
BRDA:47,0,44,3
BRDA:47,0,45,3
BRDA:47,0,46,0
BRDA:47,0,47,0
BRDA:47,0,48,0
BRDA:47,0,49,0
BRDA:47,0,50,1
BRDA:47,0,51,1
BRDA:47,0,52,2
BRDA:47,0,53,2
BRDA:47,0,54,3
BRDA:47,0,55,2
BRDA:47,0,56,2
BRDA:47,0,57,2
BRDA:47,0,58,2
BRDA:47,0,59,2
BRDA:47,0,60,0
BRDA:47,0,61,0
BRDA:47,0,62,0
BRDA:47,0,63,0
BRDA:47,0,64,3
BRDA:47,0,65,2
BRDA:47,0,66,3
BRDA:47,0,67,2
BRDA:47,0,68,2
BRDA:47,0,69,1
BRDA:47,0,70,2
BRDA:47,0,71,1
BRDA:47,0,72,2
BRDA:47,0,73,1
BRDA:47,0,74,2
BRDA:47,0,75,1
BRDA:47,0,76,2
BRDA:47,0,77,1
BRDA:47,0,78,2
BRDA:47,0,79,1
BRDA:47,0,80,2
BRDA:47,0,81,1
BRDA:47,0,82,2
BRDA:47,0,83,1
BRDA:47,0,84,2
BRDA:47,0,85,1
BRDA:47,0,86,4
BRDA:47,0,87,3
BRDA:47,0,88,2
BRDA:47,0,89,1
BRDA:47,0,90,2
BRDA:47,0,91,1
BRDA:47,0,92,2
BRDA:47,0,93,1
BRDA:47,0,94,2
BRDA:47,0,95,1
BRDA:47,0,96,2
BRDA:47,0,97,1
BRDA:47,0,98,2
BRDA:47,0,99,1
BRDA:47,0,100,2
BRDA:47,0,101,1
BRDA:47,0,102,2
BRDA:47,0,103,1
BRDA:47,0,104,2
BRDA:47,0,105,1
BRDA:47,0,106,2
BRDA:47,0,107,1
BRDA:47,0,108,2
BRDA:47,0,109,1
BRDA:47,0,110,2
BRDA:47,0,111,1
BRDA:47,0,112,2
BRDA:47,0,113,1
BRDA:47,0,114,2
BRDA:47,0,115,1
BRDA:47,0,116,2
BRDA:47,0,117,1
BRDA:47,0,118,3
BRDA:47,0,119,2
BRDA:47,0,120,2
BRDA:47,0,121,1
BRDA:47,0,122,2
BRDA:47,0,123,1
BRDA:47,0,124,2
BRDA:47,0,125,1
BRDA:47,0,126,2
BRDA:47,0,127,1
BRDA:47,0,128,1
BRDA:47,0,129,0
BRDA:47,0,130,1
BRDA:47,0,131,0
BRDA:47,0,132,1
BRDA:47,0,133,0
BRDA:47,0,134,1
BRDA:47,0,135,0
BRDA:47,0,136,0
BRDA:47,0,137,0
BRDA:47,0,138,0
BRDA:47,0,139,0
BRDA:47,0,140,3
BRDA:47,0,141,3
BRDA:47,0,142,0
BRDA:47,0,143,0
BRDA:47,0,144,0
BRDA:47,0,145,0
BRDA:47,0,146,0
BRDA:47,0,147,0
BRDA:47,0,148,0
BRDA:47,0,149,0
BRDA:47,0,150,1
BRDA:47,0,151,0
BRDA:47,0,152,0
BRDA:47,0,153,0
BRDA:47,0,154,0
BRDA:47,0,155,0
BRDA:47,0,156,0
BRDA:47,0,157,0
BRDA:47,0,158,0
BRDA:47,0,159,0
BRDA:47,0,160,0
BRDA:47,0,161,0
BRDA:47,0,162,0
BRDA:47,0,163,0
BRDA:47,0,164,0
BRDA:47,0,165,0
BRDA:47,0,166,0
BRDA:47,0,167,0
BRDA:47,0,168,4
BRDA:47,0,169,3
BRDA:47,0,170,1
BRDA:47,0,171,0
BRDA:47,0,172,4
BRDA:47,0,173,4
BRDA:47,0,174,4
BRDA:47,0,175,3
BRDA:47,0,176,3
BRDA:47,0,177,3
BRDA:47,0,178,3
BRDA:47,0,179,2
BRDA:47,0,180,3
BRDA:47,0,181,3
BRDA:47,0,182,3
BRDA:47,0,183,3
BRDA:47,0,184,3
BRDA:47,0,185,2
BRDA:47,0,186,2
BRDA:47,0,187,2
BRDA:47,0,188,4
BRDA:47,0,189,3
BRDA:47,0,190,3
BRDA:47,0,191,3
BRDA:47,0,192,2
BRDA:47,0,193,1
BRDA:47,0,194,1
BRDA:47,0,195,1
BRDA:47,0,196,1
BRDA:47,0,197,0
BRDA:47,0,198,0
BRDA:47,0,199,0
BRDA:47,0,200,0
BRDA:47,0,201,0
BRDA:47,0,202,1
BRDA:47,0,203,0
BRDA:47,0,204,0
BRDA:47,0,205,0
BRDA:47,0,206,0
BRDA:47,0,207,0
BRDA:47,0,208,0
BRDA:47,0,209,0
BRDA:47,0,210,0
BRDA:47,0,211,0
BRDA:47,0,212,0
BRDA:47,0,213,0
BRDA:47,0,214,29
BRDA:47,0,215,29
BRDA:47,0,216,1
BRDA:47,0,217,0
DA:48,30
BRDA:48,0,0,30
BRDA:48,0,1,29
BRDA:48,0,2,3
BRDA:48,0,3,2
BRDA:48,0,4,2
BRDA:48,0,5,1
BRDA:48,0,6,3
[...]
BRDA:30,0,104,2
BRDA:30,0,105,1
BRDA:30,0,106,1
BRDA:30,0,107,0
BRDA:30,0,108,2
BRDA:30,0,109,1
BRDA:30,0,110,1
BRDA:30,0,111,0
BRDA:30,0,112,2
BRDA:30,0,113,1
BRDA:30,0,114,2
BRDA:30,0,115,1
BRDA:30,0,116,2
BRDA:30,0,117,1
BRDA:30,0,118,1
BRDA:30,0,119,0
BRDA:30,0,120,1
BRDA:30,0,121,0
BRDA:30,0,122,2
BRDA:30,0,123,1
BRDA:30,0,124,1
BRDA:30,0,125,0
BRDA:30,0,126,2
BRDA:30,0,127,1
BRDA:30,0,128,1
BRDA:30,0,129,0
BRDA:30,0,130,1
BRDA:30,0,131,0
BRDA:30,0,132,1
BRDA:30,0,133,0
BRDA:30,0,134,1
BRDA:30,0,135,0
BRDA:30,0,136,0
BRDA:30,0,137,0
BRDA:30,0,138,0
BRDA:30,0,139,0
BRDA:30,0,140,3
BRDA:30,0,141,3
BRDA:30,0,142,0
BRDA:30,0,143,0
BRDA:30,0,144,0
BRDA:30,0,145,0
BRDA:30,0,146,0
BRDA:30,0,147,0
BRDA:30,0,148,0
BRDA:30,0,149,0
BRDA:30,0,150,1
BRDA:30,0,151,0
BRDA:30,0,152,0
BRDA:30,0,153,0
BRDA:30,0,154,0
BRDA:30,0,155,0
BRDA:30,0,156,0
BRDA:30,0,157,0
BRDA:30,0,158,0
BRDA:30,0,159,0
BRDA:30,0,160,0
BRDA:30,0,161,0
BRDA:30,0,162,0
BRDA:30,0,163,0
BRDA:30,0,164,0
BRDA:30,0,165,0
BRDA:30,0,166,0
BRDA:30,0,167,0
BRDA:30,0,168,3
BRDA:30,0,169,3
BRDA:30,0,170,0
BRDA:30,0,171,0
BRDA:30,0,172,4
BRDA:30,0,173,3
BRDA:30,0,174,3
BRDA:30,0,175,3
BRDA:30,0,176,4
BRDA:30,0,177,3
BRDA:30,0,178,3
BRDA:30,0,179,3
BRDA:30,0,180,4
BRDA:30,0,181,3
BRDA:30,0,182,1
BRDA:30,0,183,0
BRDA:30,0,184,0
BRDA:30,0,185,0
BRDA:30,0,186,2
BRDA:30,0,187,1
BRDA:30,0,188,0
BRDA:30,0,189,0
BRDA:30,0,190,2
BRDA:30,0,191,1
BRDA:30,0,192,1
BRDA:30,0,193,1
BRDA:30,0,194,1
BRDA:30,0,195,0
BRDA:30,0,196,1
BRDA:30,0,197,0
BRDA:30,0,198,0
BRDA:30,0,199,0
BRDA:30,0,200,0
BRDA:30,0,201,0
BRDA:30,0,202,1
BRDA:30,0,203,0
BRDA:30,0,204,0
BRDA:30,0,205,0
BRDA:30,0,206,0
BRDA:30,0,207,0
BRDA:30,0,208,0
BRDA:30,0,209,0
BRDA:30,0,210,0
BRDA:30,0,211,0
BRDA:30,0,212,0
BRDA:30,0,213,0
BRDA:30,0,214,8
BRDA:30,0,215,8
BRDA:30,0,216,1
BRDA:30,0,217,0
DA:31,9
BRDA:31,0,0,8
BRDA:31,0,1,8
BRDA:31,0,2,1
BRDA:31,0,3,0
BRDA:31,0,4,1
BRDA:31,0,5,0
BRDA:31,0,6,1
BRDA:31,0,7,0
BRDA:31,0,8,1
BRDA:31,0,9,0
BRDA:31,0,10,1
BRDA:31,0,11,0
BRDA:31,0,12,1
BRDA:31,0,13,0
BRDA:31,0,14,1
BRDA:31,0,15,0
BRDA:31,0,16,1
BRDA:31,0,17,0
BRDA:31,0,18,1
BRDA:31,0,19,0
BRDA:31,0,20,1
BRDA:31,0,21,0
BRDA:31,0,22,1
BRDA:31,0,23,0
BRDA:31,0,24,1
BRDA:31,0,25,0
BRDA:31,0,26,1
BRDA:31,0,27,0
BRDA:31,0,28,1
BRDA:31,0,29,0
BRDA:31,0,30,1
BRDA:31,0,31,0
BRDA:31,0,32,1
BRDA:31,0,33,0
BRDA:31,0,34,1
BRDA:31,0,35,0
BRDA:31,0,36,1
BRDA:31,0,37,0
BRDA:31,0,38,1
BRDA:31,0,39,0
BRDA:31,0,40,1
BRDA:31,0,41,0
BRDA:31,0,42,1
BRDA:31,0,43,0
BRDA:31,0,44,1
BRDA:31,0,45,0
BRDA:31,0,46,1
BRDA:31,0,47,0
BRDA:31,0,48,1
BRDA:31,0,49,0
BRDA:31,0,50,1
BRDA:31,0,51,0
BRDA:31,0,52,1
BRDA:31,0,53,0
BRDA:31,0,54,1
BRDA:31,0,55,0
BRDA:31,0,56,1
BRDA:31,0,57,0
BRDA:31,0,58,1
BRDA:31,0,59,0
BRDA:31,0,60,1
BRDA:31,0,61,0
BRDA:31,0,62,1
BRDA:31,0,63,0
BRDA:31,0,64,1
BRDA:31,0,65,0
BRDA:31,0,66,0
BRDA:31,0,67,0
BRDA:31,0,68,9
BRDA:31,0,69,8
BRDA:31,0,70,0
BRDA:31,0,71,0
BRDA:31,0,72,0
BRDA:31,0,73,0
BRDA:31,0,74,0
BRDA:31,0,75,0
BRDA:31,0,76,0
BRDA:31,0,77,0
BRDA:31,0,78,0
BRDA:31,0,79,0
BRDA:31,0,80,0
BRDA:31,0,81,0
BRDA:31,0,82,0
BRDA:31,0,83,0
BRDA:31,0,84,8
BRDA:31,0,85,8
BRDA:31,0,86,0
BRDA:31,0,87,0
BRDA:31,0,88,0
BRDA:31,0,89,0
BRDA:31,0,90,0
BRDA:31,0,91,0
BRDA:31,0,92,0
BRDA:31,0,93,0
BRDA:31,0,94,0
BRDA:31,0,95,0
BRDA:31,0,96,0
BRDA:31,0,97,0
BRDA:31,0,98,0
BRDA:31,0,99,0
BRDA:31,0,100,0
BRDA:31,0,101,0
BRDA:31,0,102,0
BRDA:31,0,103,0
BRDA:31,0,104,1
BRDA:31,0,105,0
BRDA:31,0,106,0
BRDA:31,0,107,0
BRDA:31,0,108,1
BRDA:31,0,109,0
BRDA:31,0,110,0
BRDA:31,0,111,0
BRDA:31,0,112,1
BRDA:31,0,113,0
BRDA:31,0,114,0
BRDA:31,0,115,0
BRDA:31,0,116,0
BRDA:31,0,117,0
BRDA:31,0,118,0
BRDA:31,0,119,0
BRDA:31,0,120,0
BRDA:31,0,121,0
BRDA:31,0,122,0
BRDA:31,0,123,0
BRDA:31,0,124,0
BRDA:31,0,125,0
BRDA:31,0,126,0
BRDA:31,0,127,0
BRDA:31,0,128,0
BRDA:31,0,129,0
BRDA:31,0,130,8
BRDA:31,0,131,8
DA:37,9
BRDA:37,0,0,9
BRDA:37,0,1,8
DA:38,9
BRDA:38,0,0,9
BRDA:38,0,1,8
DA:39,0
BRDA:39,0,0,0
BRDA:39,0,1,0
DA:41,0
BRDA:41,0,0,0
BRDA:41,0,1,0
DA:43,1
BRDA:43,0,0,1
BRDA:43,0,1,0
BRDA:43,0,2,0
BRDA:43,0,3,0
BRDA:43,0,4,0
BRDA:43,0,5,0
BRDA:43,0,6,1
BRDA:43,0,7,0
DA:45,0
BRDA:45,0,0,0
BRDA:45,0,1,0
DA:46,0
BRDA:46,0,0,0
BRDA:46,0,1,0
DA:902,1
BRDA:902,0,0,1
BRDA:902,0,1,0
BRDA:902,0,2,0
BRDA:902,0,3,0
BRDA:902,0,4,0
BRDA:902,0,5,0
BRDA:902,0,6,1
BRDA:902,0,7,0
DA:908,0
BRDA:908,0,0,0
BRDA:908,0,1,0
BRDA:908,0,2,0
BRDA:908,0,3,0
BRF:736
BRH:2
end_of_record
SF:rtl_wrapper/hmac_perip_tb.sv
DA:8,142
BRDA:8,0,0,142
BRDA:8,0,1,141
DA:9,1
BRDA:9,0,0,1
BRDA:9,0,1,0
DA:12,37
BRDA:12,0,0,37
BRDA:12,0,1,37
DA:13,3
BRDA:13,0,0,0
BRDA:13,0,1,0
BRDA:13,0,2,0
BRDA:13,0,3,0
BRDA:13,0,4,0
BRDA:13,0,5,0
BRDA:13,0,6,1
BRDA:13,0,7,1
BRDA:13,0,8,0
BRDA:13,0,9,0
BRDA:13,0,10,0
BRDA:13,0,11,0
BRDA:13,0,12,0
BRDA:13,0,13,0
BRDA:13,0,14,0
BRDA:13,0,15,0
BRDA:13,0,16,0
BRDA:13,0,17,0
BRDA:13,0,18,0
BRDA:13,0,19,0
BRDA:13,0,20,0
BRDA:13,0,21,0
BRDA:13,0,22,0
BRDA:13,0,23,0
BRDA:13,0,24,0
BRDA:13,0,25,0
BRDA:13,0,26,0
BRDA:13,0,27,0
BRDA:13,0,28,0
BRDA:13,0,29,0
BRDA:13,0,30,0
BRDA:13,0,31,0
BRDA:13,0,32,0
BRDA:13,0,33,0
BRDA:13,0,34,0
BRDA:13,0,35,0
BRDA:13,0,36,0
BRDA:13,0,37,0
BRDA:13,0,38,0
BRDA:13,0,39,0
BRDA:13,0,40,0
BRDA:13,0,41,0
BRDA:13,0,42,0
BRDA:13,0,43,0
BRDA:13,0,44,3
BRDA:13,0,45,3
BRDA:13,0,46,0
BRDA:13,0,47,0
BRDA:13,0,48,0
BRDA:13,0,49,0
BRDA:13,0,50,1
BRDA:13,0,51,1
BRDA:13,0,52,2
BRDA:13,0,53,2
BRDA:13,0,54,3
BRDA:13,0,55,2
BRDA:13,0,56,2
BRDA:13,0,57,2
BRDA:13,0,58,2
BRDA:13,0,59,2
BRDA:13,0,60,0
BRDA:13,0,61,0
BRDA:13,0,62,0
BRDA:13,0,63,0
DA:14,3
BRDA:14,0,0,3
BRDA:14,0,1,2
DA:15,3
BRDA:15,0,0,3
BRDA:15,0,1,2
BRDA:15,0,2,2
BRDA:15,0,3,1
BRDA:15,0,4,1
BRDA:15,0,5,0
BRDA:15,0,6,1
BRDA:15,0,7,0
BRDA:15,0,8,2
BRDA:15,0,9,1
BRDA:15,0,10,2
BRDA:15,0,11,1
BRDA:15,0,12,1
BRDA:15,0,13,0
BRDA:15,0,14,2
BRDA:15,0,15,1
BRDA:15,0,16,1
BRDA:15,0,17,0
BRDA:15,0,18,1
BRDA:15,0,19,0
BRDA:15,0,20,1
BRDA:15,0,21,0
BRDA:15,0,22,3
BRDA:15,0,23,2
BRDA:15,0,24,1
BRDA:15,0,25,0
BRDA:15,0,26,2
BRDA:15,0,27,1
BRDA:15,0,28,2
BRDA:15,0,29,1
BRDA:15,0,30,1
BRDA:15,0,31,0
BRDA:15,0,32,2
BRDA:15,0,33,1
BRDA:15,0,34,1
BRDA:15,0,35,0
BRDA:15,0,36,1
BRDA:15,0,37,0
BRDA:15,0,38,1
BRDA:15,0,39,0
BRDA:15,0,40,1
BRDA:15,0,41,0
BRDA:15,0,42,2
BRDA:15,0,43,1
BRDA:15,0,44,1
BRDA:15,0,45,0
BRDA:15,0,46,2
BRDA:15,0,47,1
BRDA:15,0,48,1
BRDA:15,0,49,0
BRDA:15,0,50,1
BRDA:15,0,51,0
BRDA:15,0,52,1
BRDA:15,0,53,0
BRDA:15,0,54,3
BRDA:15,0,55,2
BRDA:15,0,56,2
BRDA:15,0,57,1
BRDA:15,0,58,1
BRDA:15,0,59,0
BRDA:15,0,60,2
BRDA:15,0,61,1
BRDA:15,0,62,1
BRDA:15,0,63,0
DA:16,1
BRDA:16,0,0,1
BRDA:16,0,1,0
BRDA:16,0,2,1
BRDA:16,0,3,0
BRDA:16,0,4,1
BRDA:16,0,5,0
BRDA:16,0,6,1
BRDA:16,0,7,0
DA:17,37
BRDA:17,0,0,37
BRDA:17,0,1,37
DA:18,10
BRDA:18,0,0,10
BRDA:18,0,1,10
BRDA:18,0,2,10
BRDA:18,0,3,10
BRDA:18,0,4,9
BRDA:18,0,5,9
BRDA:18,0,6,10
BRDA:18,0,7,10
BRDA:18,0,8,10
BRDA:18,0,9,10
BRDA:18,0,10,10
BRDA:18,0,11,10
BRDA:18,0,12,10
BRDA:18,0,13,10
BRDA:18,0,14,10
BRDA:18,0,15,10
BRDA:18,0,16,10
BRDA:18,0,17,10
BRDA:18,0,18,9
BRDA:18,0,19,9
BRDA:18,0,20,9
BRDA:18,0,21,9
BRDA:18,0,22,9
BRDA:18,0,23,9
BRDA:18,0,24,9
BRDA:18,0,25,9
BRDA:18,0,26,10
BRDA:18,0,27,10
BRDA:18,0,28,9
BRDA:18,0,29,9
BRDA:18,0,30,10
BRDA:18,0,31,10
BRDA:18,0,32,10
BRDA:18,0,33,10
BRDA:18,0,34,10
BRDA:18,0,35,10
BRDA:18,0,36,9
BRDA:18,0,37,9
BRDA:18,0,38,10
BRDA:18,0,39,10
BRDA:18,0,40,10
BRDA:18,0,41,10
BRDA:18,0,42,10
BRDA:18,0,43,10
BRDA:18,0,44,10
BRDA:18,0,45,10
BRDA:18,0,46,9
BRDA:18,0,47,9
BRDA:18,0,48,9
BRDA:18,0,49,9
BRDA:18,0,50,9
BRDA:18,0,51,9
BRDA:18,0,52,10
BRDA:18,0,53,10
BRDA:18,0,54,10
BRDA:18,0,55,10
BRDA:18,0,56,10
BRDA:18,0,57,10
BRDA:18,0,58,10
BRDA:18,0,59,10
BRDA:18,0,60,10
BRDA:18,0,61,10
BRDA:18,0,62,9
BRDA:18,0,63,9
DA:19,0
BRDA:19,0,0,0
BRDA:19,0,1,0
DA:27,37
BRDA:27,0,0,0
BRDA:27,0,1,0
BRDA:27,0,2,0
BRDA:27,0,3,0
BRDA:27,0,4,0
BRDA:27,0,5,0
BRDA:27,0,6,1
BRDA:27,0,7,1
BRDA:27,0,8,0
BRDA:27,0,9,0
BRDA:27,0,10,0
BRDA:27,0,11,0
BRDA:27,0,12,0
BRDA:27,0,13,0
BRDA:27,0,14,0
BRDA:27,0,15,0
BRDA:27,0,16,0
BRDA:27,0,17,0
BRDA:27,0,18,0
BRDA:27,0,19,0
BRDA:27,0,20,0
BRDA:27,0,21,0
BRDA:27,0,22,0
BRDA:27,0,23,0
BRDA:27,0,24,0
BRDA:27,0,25,0
BRDA:27,0,26,0
BRDA:27,0,27,0
BRDA:27,0,28,0
BRDA:27,0,29,0
BRDA:27,0,30,0
BRDA:27,0,31,0
BRDA:27,0,32,0
BRDA:27,0,33,0
BRDA:27,0,34,0
BRDA:27,0,35,0
BRDA:27,0,36,0
BRDA:27,0,37,0
BRDA:27,0,38,0
BRDA:27,0,39,0
BRDA:27,0,40,0
BRDA:27,0,41,0
BRDA:27,0,42,0
BRDA:27,0,43,0
BRDA:27,0,44,3
BRDA:27,0,45,3
BRDA:27,0,46,0
BRDA:27,0,47,0
BRDA:27,0,48,0
BRDA:27,0,49,0
BRDA:27,0,50,1
BRDA:27,0,51,1
BRDA:27,0,52,2
BRDA:27,0,53,2
BRDA:27,0,54,3
BRDA:27,0,55,2
BRDA:27,0,56,2
BRDA:27,0,57,2
BRDA:27,0,58,2
BRDA:27,0,59,2
BRDA:27,0,60,0
BRDA:27,0,61,0
BRDA:27,0,62,0
BRDA:27,0,63,0
BRDA:27,0,64,3
BRDA:27,0,65,2
BRDA:27,0,66,2
BRDA:27,0,67,1
BRDA:27,0,68,1
BRDA:27,0,69,0
BRDA:27,0,70,1
BRDA:27,0,71,0
BRDA:27,0,72,2
BRDA:27,0,73,1
BRDA:27,0,74,2
BRDA:27,0,75,1
BRDA:27,0,76,1
BRDA:27,0,77,0
BRDA:27,0,78,2
BRDA:27,0,79,1
BRDA:27,0,80,1
BRDA:27,0,81,0
BRDA:27,0,82,1
BRDA:27,0,83,0
BRDA:27,0,84,1
BRDA:27,0,85,0
BRDA:27,0,86,3
BRDA:27,0,87,2
BRDA:27,0,88,1
BRDA:27,0,89,0
BRDA:27,0,90,2
BRDA:27,0,91,1
BRDA:27,0,92,2
BRDA:27,0,93,1
BRDA:27,0,94,1
BRDA:27,0,95,0
BRDA:27,0,96,2
BRDA:27,0,97,1
BRDA:27,0,98,1
BRDA:27,0,99,0
BRDA:27,0,100,1
BRDA:27,0,101,0
BRDA:27,0,102,1
BRDA:27,0,103,0
BRDA:27,0,104,1
BRDA:27,0,105,0
BRDA:27,0,106,2
BRDA:27,0,107,1
BRDA:27,0,108,1
BRDA:27,0,109,0
BRDA:27,0,110,2
BRDA:27,0,111,1
BRDA:27,0,112,1
BRDA:27,0,113,0
BRDA:27,0,114,1
BRDA:27,0,115,0
BRDA:27,0,116,1
BRDA:27,0,117,0
BRDA:27,0,118,3
BRDA:27,0,119,2
BRDA:27,0,120,2
BRDA:27,0,121,1
BRDA:27,0,122,1
BRDA:27,0,123,0
BRDA:27,0,124,2
BRDA:27,0,125,1
BRDA:27,0,126,1
BRDA:27,0,127,0
BRDA:27,0,128,1
BRDA:27,0,129,0
BRDA:27,0,130,1
BRDA:27,0,131,0
BRDA:27,0,132,1
BRDA:27,0,133,0
BRDA:27,0,134,1
BRDA:27,0,135,0
BRDA:27,0,136,0
BRDA:27,0,137,0
BRDA:27,0,138,0
BRDA:27,0,139,0
BRDA:27,0,140,3
BRDA:27,0,141,3
BRDA:27,0,142,0
BRDA:27,0,143,0
BRDA:27,0,144,0
BRDA:27,0,145,0
BRDA:27,0,146,0
BRDA:27,0,147,0
BRDA:27,0,148,0
BRDA:27,0,149,0
BRDA:27,0,150,1
BRDA:27,0,151,0
BRDA:27,0,152,0
BRDA:27,0,153,0
BRDA:27,0,154,0
BRDA:27,0,155,0
BRDA:27,0,156,0
BRDA:27,0,157,0
BRDA:27,0,158,0
BRDA:27,0,159,0
BRDA:27,0,160,0
BRDA:27,0,161,0
BRDA:27,0,162,0
BRDA:27,0,163,0
BRDA:27,0,164,0
BRDA:27,0,165,0
BRDA:27,0,166,0
BRDA:27,0,167,0
BRDA:27,0,168,3
BRDA:27,0,169,2
BRDA:27,0,170,2
BRDA:27,0,171,1
BRDA:27,0,172,3
BRDA:27,0,173,3
BRDA:27,0,174,4
BRDA:27,0,175,3
BRDA:27,0,176,2
BRDA:27,0,177,2
BRDA:27,0,178,2
BRDA:27,0,179,1
BRDA:27,0,180,3
BRDA:27,0,181,3
BRDA:27,0,182,3
BRDA:27,0,183,3
BRDA:27,0,184,3
BRDA:27,0,185,2
BRDA:27,0,186,2
BRDA:27,0,187,2
BRDA:27,0,188,4
BRDA:27,0,189,3
BRDA:27,0,190,3
BRDA:27,0,191,3
BRDA:27,0,192,1
BRDA:27,0,193,0
BRDA:27,0,194,1
BRDA:27,0,195,1
BRDA:27,0,196,1
BRDA:27,0,197,0
BRDA:27,0,198,0
BRDA:27,0,199,0
BRDA:27,0,200,0
BRDA:27,0,201,0
BRDA:27,0,202,1
BRDA:27,0,203,0
BRDA:27,0,204,0
BRDA:27,0,205,0
BRDA:27,0,206,0
BRDA:27,0,207,0
BRDA:27,0,208,0
BRDA:27,0,209,0
BRDA:27,0,210,0
BRDA:27,0,211,0
BRDA:27,0,212,0
BRDA:27,0,213,0
BRDA:27,0,214,37
BRDA:27,0,215,37
BRDA:27,0,216,1
BRDA:27,0,217,0
DA:28,37
BRDA:28,0,0,37
BRDA:28,0,1,37
BRDA:28,0,2,10
BRDA:28,0,3,10
BRDA:28,0,4,10
BRDA:28,0,5,10
BRDA:28,0,6,9
BRDA:28,0,7,9
BRDA:28,0,8,10
BRDA:28,0,9,10
BRDA:28,0,10,10
BRDA:28,0,11,10
BRDA:28,0,12,10
BRDA:28,0,13,10
BRDA:28,0,14,10
BRDA:28,0,15,10
BRDA:28,0,16,10
BRDA:28,0,17,10
BRDA:28,0,18,10
BRDA:28,0,19,10
BRDA:28,0,20,9
BRDA:28,0,21,9
BRDA:28,0,22,9
BRDA:28,0,23,9
BRDA:28,0,24,9
BRDA:28,0,25,9
BRDA:28,0,26,9
BRDA:28,0,27,9
BRDA:28,0,28,10
BRDA:28,0,29,10
BRDA:28,0,30,9
BRDA:28,0,31,9
BRDA:28,0,32,10
BRDA:28,0,33,10
BRDA:28,0,34,10
BRDA:28,0,35,10
BRDA:28,0,36,10
BRDA:28,0,37,10
BRDA:28,0,38,9
BRDA:28,0,39,9
BRDA:28,0,40,10
BRDA:28,0,41,10
BRDA:28,0,42,10
BRDA:28,0,43,10
BRDA:28,0,44,10
BRDA:28,0,45,10
BRDA:28,0,46,10
BRDA:28,0,47,10
BRDA:28,0,48,9
BRDA:28,0,49,9
BRDA:28,0,50,9
BRDA:28,0,51,9
BRDA:28,0,52,9
BRDA:28,0,53,9
BRDA:28,0,54,10
BRDA:28,0,55,10
BRDA:28,0,56,10
BRDA:28,0,57,10
BRDA:28,0,58,10
BRDA:28,0,59,10
BRDA:28,0,60,10
BRDA:28,0,61,10
BRDA:28,0,62,10
BRDA:28,0,63,10
BRDA:28,0,64,9
BRDA:28,0,65,9
BRDA:28,0,66,0
BRDA:28,0,67,0
BRDA:28,0,68,11
BRDA:28,0,69,11
BRDA:28,0,70,0
BRDA:28,0,71,0
BRDA:28,0,72,0
BRDA:28,0,73,0
BRDA:28,0,74,0
BRDA:28,0,75,0
BRDA:28,0,76,0
BRDA:28,0,77,0
BRDA:28,0,78,0
BRDA:28,0,79,0
BRDA:28,0,80,0
BRDA:28,0,81,0
BRDA:28,0,82,0
BRDA:28,0,83,0
BRDA:28,0,84,9
BRDA:28,0,85,8
BRDA:28,0,86,0
BRDA:28,0,87,0
BRDA:28,0,88,0
BRDA:28,0,89,0
BRDA:28,0,90,0
BRDA:28,0,91,0
BRDA:28,0,92,0
BRDA:28,0,93,0
BRDA:28,0,94,0
BRDA:28,0,95,0
BRDA:28,0,96,0
BRDA:28,0,97,0
BRDA:28,0,98,0
BRDA:28,0,99,0
BRDA:28,0,100,0
BRDA:28,0,101,0
BRDA:28,0,102,2
BRDA:28,0,103,2
BRDA:28,0,104,2
BRDA:28,0,105,1
BRDA:28,0,106,2
BRDA:28,0,107,2
BRDA:28,0,108,4
BRDA:28,0,109,3
BRDA:28,0,110,2
BRDA:28,0,111,2
BRDA:28,0,112,1
BRDA:28,0,113,0
BRDA:28,0,114,1
BRDA:28,0,115,1
BRDA:28,0,116,4
BRDA:28,0,117,3
BRDA:28,0,118,3
BRDA:28,0,119,3
BRDA:28,0,120,0
BRDA:28,0,121,0
BRDA:28,0,122,1
BRDA:28,0,123,0
BRDA:28,0,124,9
BRDA:28,0,125,8
BRDA:28,0,126,11
BRDA:28,0,127,10
BRDA:28,0,128,0
BRDA:28,0,129,0
BRDA:28,0,130,37
BRDA:28,0,131,37
DA:31,3
BRDA:31,0,0,3
BRDA:31,0,1,2
DA:32,3
BRDA:32,0,0,0
BRDA:32,0,1,0
BRDA:32,0,2,0
BRDA:32,0,3,0
BRDA:32,0,4,0
BRDA:32,0,5,0
BRDA:32,0,6,1
BRDA:32,0,7,1
BRDA:32,0,8,0
BRDA:32,0,9,0
BRDA:32,0,10,0
BRDA:32,0,11,0
BRDA:32,0,12,0
BRDA:32,0,13,0
BRDA:32,0,14,0
BRDA:32,0,15,0
BRDA:32,0,16,0
BRDA:32,0,17,0
BRDA:32,0,18,0
BRDA:32,0,19,0
BRDA:32,0,20,0
BRDA:32,0,21,0
BRDA:32,0,22,0
BRDA:32,0,23,0
BRDA:32,0,24,0
BRDA:32,0,25,0
BRDA:32,0,26,0
BRDA:32,0,27,0
BRDA:32,0,28,0
BRDA:32,0,29,0
BRDA:32,0,30,0
BRDA:32,0,31,0
BRDA:32,0,32,0
BRDA:32,0,33,0
BRDA:32,0,34,0
BRDA:32,0,35,0
BRDA:32,0,36,0
BRDA:32,0,37,0
BRDA:32,0,38,0
BRDA:32,0,39,0
BRDA:32,0,40,0
BRDA:32,0,41,0
BRDA:32,0,42,0
BRDA:32,0,43,0
BRDA:32,0,44,3
BRDA:32,0,45,3
BRDA:32,0,46,0
BRDA:32,0,47,0
BRDA:32,0,48,0
BRDA:32,0,49,0
BRDA:32,0,50,1
BRDA:32,0,51,1
BRDA:32,0,52,2
BRDA:32,0,53,2
BRDA:32,0,54,3
BRDA:32,0,55,2
BRDA:32,0,56,2
BRDA:32,0,57,2
BRDA:32,0,58,2
BRDA:32,0,59,2
BRDA:32,0,60,0
BRDA:32,0,61,0
BRDA:32,0,62,0
BRDA:32,0,63,0
BRDA:32,0,64,3
BRDA:32,0,65,2
BRDA:32,0,66,2
BRDA:32,0,67,1
BRDA:32,0,68,1
BRDA:32,0,69,0
BRDA:32,0,70,1
BRDA:32,0,71,0
BRDA:32,0,72,2
BRDA:32,0,73,1
BRDA:32,0,74,2
BRDA:32,0,75,1
BRDA:32,0,76,1
BRDA:32,0,77,0
BRDA:32,0,78,2
BRDA:32,0,79,1
BRDA:32,0,80,1
BRDA:32,0,81,0
BRDA:32,0,82,1
BRDA:32,0,83,0
BRDA:32,0,84,1
BRDA:32,0,85,0
BRDA:32,0,86,3
BRDA:32,0,87,2
BRDA:32,0,88,1
BRDA:32,0,89,0
BRDA:32,0,90,2
BRDA:32,0,91,1
BRDA:32,0,92,2
BRDA:32,0,93,1
BRDA:32,0,94,1
BRDA:32,0,95,0
BRDA:32,0,96,2
BRDA:32,0,97,1
BRDA:32,0,98,1
BRDA:32,0,99,0
BRDA:32,0,100,1
BRDA:32,0,101,0
BRDA:32,0,102,1
BRDA:32,0,103,0
BRDA:32,0,104,1
BRDA:32,0,105,0
BRDA:32,0,106,2
BRDA:32,0,107,1
BRDA:32,0,108,1
BRDA:32,0,109,0
BRDA:32,0,110,2
BRDA:32,0,111,1
BRDA:32,0,112,1
BRDA:32,0,113,0
BRDA:32,0,114,1
BRDA:32,0,115,0
BRDA:32,0,116,1
BRDA:32,0,117,0
BRDA:32,0,118,3
BRDA:32,0,119,2
BRDA:32,0,120,2
BRDA:32,0,121,1
BRDA:32,0,122,1
BRDA:32,0,123,0
BRDA:32,0,124,2
BRDA:32,0,125,1
BRDA:32,0,126,1
BRDA:32,0,127,0
DA:33,1
BRDA:33,0,0,1
BRDA:33,0,1,0
BRDA:33,0,2,1
BRDA:33,0,3,0
BRDA:33,0,4,1
BRDA:33,0,5,0
BRDA:33,0,6,1
BRDA:33,0,7,0
DA:37,37
BRDA:37,0,0,37
BRDA:37,0,1,37
BRDA:37,0,2,37
BRDA:37,0,3,37
DA:39,142
DA:40,132
BRDA:40,0,0,10
BRDA:40,0,1,132
BRDA:40,0,2,10
BRDA:40,0,3,132
DA:41,10
DA:42,132
DA:43,132
DA:44,58
BRDA:44,0,0,58
BRDA:44,0,1,37
BRDA:44,0,2,21
DA:45,37
BRDA:45,0,0,37
BRDA:45,0,1,37
BRDA:45,0,2,0
DA:46,37
BRDA:46,0,0,37
BRDA:46,0,1,37
BRDA:46,0,2,0
DA:47,0
DA:52,142
DA:53,132
BRDA:53,0,0,10
BRDA:53,0,1,10
BRDA:53,0,2,132
DA:54,10
DA:55,10
DA:56,10
DA:57,10
DA:58,95
BRDA:58,0,0,37
BRDA:58,0,1,95
BRDA:58,0,2,74
BRDA:58,0,3,58
BRDA:58,0,4,37
DA:59,37
DA:60,37
DA:61,37
DA:62,37
DA:68,37
BRDA:68,0,0,0
BRDA:68,0,1,0
BRDA:68,0,2,0
BRDA:68,0,3,0
BRDA:68,0,4,0
BRDA:68,0,5,0
BRDA:68,0,6,1
BRDA:68,0,7,1
BRDA:68,0,8,0
BRDA:68,0,9,0
BRDA:68,0,10,0
BRDA:68,0,11,0
BRDA:68,0,12,0
BRDA:68,0,13,0
BRDA:68,0,14,0
BRDA:68,0,15,0
BRDA:68,0,16,0
BRDA:68,0,17,0
BRDA:68,0,18,0
BRDA:68,0,19,0
BRDA:68,0,20,0
BRDA:68,0,21,0
BRDA:68,0,22,0
BRDA:68,0,23,0
BRDA:68,0,24,0
BRDA:68,0,25,0
BRDA:68,0,26,0
BRDA:68,0,27,0
BRDA:68,0,28,0
BRDA:68,0,29,0
BRDA:68,0,30,0
BRDA:68,0,31,0
BRDA:68,0,32,0
BRDA:68,0,33,0
BRDA:68,0,34,0
BRDA:68,0,35,0
BRDA:68,0,36,0
BRDA:68,0,37,0
BRDA:68,0,38,0
BRDA:68,0,39,0
BRDA:68,0,40,0
BRDA:68,0,41,0
BRDA:68,0,42,0
BRDA:68,0,43,0
BRDA:68,0,44,3
BRDA:68,0,45,3
BRDA:68,0,46,0
BRDA:68,0,47,0
BRDA:68,0,48,0
BRDA:68,0,49,0
BRDA:68,0,50,1
BRDA:68,0,51,1
BRDA:68,0,52,2
BRDA:68,0,53,2
BRDA:68,0,54,3
BRDA:68,0,55,2
BRDA:68,0,56,2
BRDA:68,0,57,2
BRDA:68,0,58,2
BRDA:68,0,59,2
BRDA:68,0,60,0
BRDA:68,0,61,0
BRDA:68,0,62,0
BRDA:68,0,63,0
BRDA:68,0,64,3
BRDA:68,0,65,2
BRDA:68,0,66,2
BRDA:68,0,67,1
BRDA:68,0,68,1
BRDA:68,0,69,0
BRDA:68,0,70,1
BRDA:68,0,71,0
BRDA:68,0,72,2
BRDA:68,0,73,1
BRDA:68,0,74,2
BRDA:68,0,75,1
BRDA:68,0,76,1
BRDA:68,0,77,0
BRDA:68,0,78,2
BRDA:68,0,79,1
BRDA:68,0,80,1
BRDA:68,0,81,0
BRDA:68,0,82,1
BRDA:68,0,83,0
BRDA:68,0,84,1
BRDA:68,0,85,0
BRDA:68,0,86,3
BRDA:68,0,87,2
BRDA:68,0,88,1
BRDA:68,0,89,0
BRDA:68,0,90,2
BRDA:68,0,91,1
BRDA:68,0,92,2
BRDA:68,0,93,1
BRDA:68,0,94,1
BRDA:68,0,95,0
BRDA:68,0,96,2
BRDA:68,0,97,1
BRDA:68,0,98,1
BRDA:68,0,99,0
BRDA:68,0,100,1
BRDA:68,0,101,0
BRDA:68,0,102,1
BRDA:68,0,103,0
BRDA:68,0,104,1
BRDA:68,0,105,0
BRDA:68,0,106,2
BRDA:68,0,107,1
BRDA:68,0,108,1
BRDA:68,0,109,0
BRDA:68,0,110,2
BRDA:68,0,111,1
BRDA:68,0,112,1
BRDA:68,0,113,0
BRDA:68,0,114,1
BRDA:68,0,115,0
BRDA:68,0,116,1
BRDA:68,0,117,0
BRDA:68,0,118,3
BRDA:68,0,119,2
BRDA:68,0,120,2
BRDA:68,0,121,1
BRDA:68,0,122,1
BRDA:68,0,123,0
BRDA:68,0,124,2
BRDA:68,0,125,1
BRDA:68,0,126,1
BRDA:68,0,127,0
BRDA:68,0,128,1
BRDA:68,0,129,0
BRDA:68,0,130,1
BRDA:68,0,131,0
BRDA:68,0,132,1
BRDA:68,0,133,0
BRDA:68,0,134,1
BRDA:68,0,135,0
BRDA:68,0,136,0
BRDA:68,0,137,0
BRDA:68,0,138,0
BRDA:68,0,139,0
BRDA:68,0,140,3
BRDA:68,0,141,3
BRDA:68,0,142,0
BRDA:68,0,143,0
BRDA:68,0,144,0
BRDA:68,0,145,0
BRDA:68,0,146,0
BRDA:68,0,147,0
BRDA:68,0,148,0
BRDA:68,0,149,0
BRDA:68,0,150,1
BRDA:68,0,151,0
BRDA:68,0,152,0
BRDA:68,0,153,0
BRDA:68,0,154,0
BRDA:68,0,155,0
BRDA:68,0,156,0
BRDA:68,0,157,0
BRDA:68,0,158,0
BRDA:68,0,159,0
BRDA:68,0,160,0
BRDA:68,0,161,0
BRDA:68,0,162,0
BRDA:68,0,163,0
BRDA:68,0,164,0
BRDA:68,0,165,0
BRDA:68,0,166,0
BRDA:68,0,167,0
BRDA:68,0,168,3
BRDA:68,0,169,2
BRDA:68,0,170,2
BRDA:68,0,171,1
BRDA:68,0,172,3
BRDA:68,0,173,3
BRDA:68,0,174,4
BRDA:68,0,175,3
BRDA:68,0,176,2
BRDA:68,0,177,2
BRDA:68,0,178,2
BRDA:68,0,179,1
BRDA:68,0,180,3
BRDA:68,0,181,3
BRDA:68,0,182,3
BRDA:68,0,183,3
BRDA:68,0,184,3
BRDA:68,0,185,2
BRDA:68,0,186,2
BRDA:68,0,187,2
BRDA:68,0,188,4
BRDA:68,0,189,3
BRDA:68,0,190,3
BRDA:68,0,191,3
BRDA:68,0,192,1
BRDA:68,0,193,0
BRDA:68,0,194,1
BRDA:68,0,195,1
BRDA:68,0,196,1
BRDA:68,0,197,0
BRDA:68,0,198,0
BRDA:68,0,199,0
BRDA:68,0,200,0
BRDA:68,0,201,0
BRDA:68,0,202,1
BRDA:68,0,203,0
BRDA:68,0,204,0
BRDA:68,0,205,0
BRDA:68,0,206,0
BRDA:68,0,207,0
BRDA:68,0,208,0
BRDA:68,0,209,0
BRDA:68,0,210,0
BRDA:68,0,211,0
BRDA:68,0,212,0
BRDA:68,0,213,0
BRDA:68,0,214,37
BRDA:68,0,215,37
BRDA:68,0,216,1
BRDA:68,0,217,0
DA:69,143
DA:70,143
DA:71,143
DA:72,143
BRDA:72,0,0,143
BRDA:72,0,1,97
BRDA:72,0,2,46
BRDA:72,0,3,46
BRDA:72,0,4,97
BRDA:72,0,5,46
BRDA:72,0,6,0
DA:73,143
DA:74,143
DA:75,143
BRDA:75,0,0,143
BRDA:75,0,1,97
BRDA:75,0,2,46
BRDA:75,0,3,46
BRDA:75,0,4,97
DA:76,143
DA:77,143
DA:78,143
DA:79,143
DA:80,143
DA:81,143
DA:87,125
BRDA:87,0,0,125
BRDA:87,0,1,53
BRDA:87,0,2,125
DA:94,0
BRDA:94,0,0,0
BRDA:94,0,1,0
BRDA:94,0,2,0
BRDA:94,0,3,0
BRDA:94,0,4,0
BRDA:94,0,5,0
DA:95,2
BRDA:95,0,0,2
BRDA:95,0,1,2
BRDA:95,0,2,2
BRDA:95,0,3,1
BRDA:95,0,4,2
BRDA:95,0,5,1
BRDA:95,0,6,2
BRDA:95,0,7,2
DA:96,1
BRDA:96,0,0,1
BRDA:96,0,1,1
BRDA:96,0,2,0
BRDA:96,0,3,0
DA:97,0
BRDA:97,0,0,0
BRDA:97,0,1,0
BRDA:97,0,2,0
BRDA:97,0,3,0
BRDA:97,0,4,0
BRDA:97,0,5,0
BRDA:97,0,6,0
BRDA:97,0,7,0
BRF:984
BRH:139
end_of_record
